<html>
<head>
<title>TestNG:  com.qa.tests.ui.tests</title>
<link href="../testng.css" rel="stylesheet" type="text/css" />
<link href="../my-testng.css" rel="stylesheet" type="text/css" />

<style type="text/css">
.log { display: none;} 
.stack-trace { display: none;} 
</style>
<script type="text/javascript">
<!--
function flip(e) {
  current = e.style.display;
  if (current == 'block') {
    e.style.display = 'none';
    return 0;
  }
  else {
    e.style.display = 'block';
    return 1;
  }
}

function toggleBox(szDivId, elem, msg1, msg2)
{
  var res = -1;  if (document.getElementById) {
    res = flip(document.getElementById(szDivId));
  }
  else if (document.all) {
    // this is the way old msie versions work
    res = flip(document.all[szDivId]);
  }
  if(elem) {
    if(res == 0) elem.innerHTML = msg1; else elem.innerHTML = msg2;
  }

}

function toggleAllBoxes() {
  if (document.getElementsByTagName) {
    d = document.getElementsByTagName('div');
    for (i = 0; i < d.length; i++) {
      if (d[i].className == 'log') {
        flip(d[i]);
      }
    }
  }
}

// -->
</script>

</head>
<body>
<h2 align='center'>com.qa.tests.ui.tests</h2><table border='1' align="center">
<tr>
<td>Tests passed/Failed/Skipped:</td><td>11/3/1</td>
</tr><tr>
<td>Started on:</td><td>Fri Jan 30 11:01:14 IST 2015</td>
</tr>
<tr><td>Total time:</td><td>364 seconds (364487 ms)</td>
</tr><tr>
<td>Included groups:</td><td></td>
</tr><tr>
<td>Excluded groups:</td><td></td>
</tr>
</table><p/>
<small><i>(Hover the method name to see the test class name)</i></small><p/>
<table width='100%' border='1' class='invocation-failed'>
<tr><td colspan='4' align='center'><b>FAILED CONFIGURATIONS</b></td></tr>
<tr><td><b>Test method</b></td>
<td width="30%"><b>Exception</b></td>
<td width="10%"><b>Time (seconds)</b></td>
<td><b>Instance</b></td>
</tr>
<tr>
<td title='com.qa.tests.ui.tests.LoginTest.setUp()'><b>setUp</b><br>Test class: com.qa.tests.ui.tests.LoginTest</td>
<td><div><pre>org.openqa.selenium.WebDriverException: Failed to connect to binary FirefoxBinary(C:\Program Files (x86)\Mozilla Firefox\firefox.exe) on port 7055; process output follows: 
6192590	DeferredSave.extensions.json	DEBUG	Save changes
1422596192600	addons.xpi	DEBUG	Updating database with changes to installed add-ons
1422596192601	addons.xpi-utils	DEBUG	Updating add-on states
1422596192601	addons.xpi-utils	DEBUG	Writing add-ons list
1422596192819	DeferredSave.extensions.json	DEBUG	Starting timer
************************************************************
* Call to xpconnect wrapped JSObject produced this error:  *
[Exception... &quot;Component returned failure code: 0x80004005 (NS_ERROR_FAILURE) [nsIIdleService.removeIdleObserver]&quot;  nsresult: &quot;0x80004005 (NS_ERROR_FAILURE)&quot;  location: &quot;JS frame :: resource://app/components/nsBrowserGlue.js :: BG__onPlacesShutdown :: line 1233&quot;  data: no]
************************************************************
1422596192843	DeferredSave.extensions.json	DEBUG	Starting write
************************************************************
* Call to xpconnect wrapped JSObject produced this error:  *
[Exception... &quot;Component returned failure code: 0x80004005 (NS_ERROR_FAILURE) [nsIIdleService.removeIdleObserver]&quot;  nsresult: &quot;0x80004005 (NS_ERROR_FAILURE)&quot;  location: &quot;JS frame :: resource://app/components/nsBrowserGlue.js :: BG__dispose :: line 422&quot;  data: no]
************************************************************
1422596192847	addons.manager	DEBUG	shutdown
1422596192847	addons.xpi	DEBUG	shutdown
1422596192847	addons.xpi-utils	DEBUG	shutdown
1422596192890	DeferredSave.extensions.json	DEBUG	Write succeeded
1422596192890	addons.xpi-utils	DEBUG	XPI Database saved, setting schema version preference to 16
1422596192890	addons.xpi	DEBUG	Notifying XPI shutdown observers
1422596192893	addons.manager	DEBUG	Async provider shutdown done
1422596193190	addons.manager	DEBUG	Loaded provider scope for resource://gre/modules/addons/XPIProvider.jsm: [&quot;XPIProvider&quot;]
1422596193192	addons.manager	DEBUG	Loaded provider scope for resource://gre/modules/LightweightThemeManager.jsm: [&quot;LightweightThemeManager&quot;]
1422596193193	addons.xpi	DEBUG	startup
1422596193193	addons.xpi	DEBUG	Skipping unavailable install location app-system-local
1422596193193	addons.xpi	DEBUG	Skipping unavailable install location app-system-share
1422596193194	addons.xpi	DEBUG	Ignoring file entry whose name is not a valid add-on ID: C:\Users\sapna\AppData\Local\Temp\anonymous5606055647754707654webdriver-profile\extensions\webdriver-staging
1422596193205	addons.xpi	DEBUG	checkForChanges
1422596193216	addons.xpi	DEBUG	No changes found
************************************************************
* Call to xpconnect wrapped JSObject produced this error:  *
[Exception... &quot;Component returned failure code: 0x80004005 (NS_ERROR_FAILURE) [nsIObserverService.removeObserver]&quot;  nsresult: &quot;0x80004005 (NS_ERROR_FAILURE)&quot;  location: &quot;JS frame :: resource://app/modules/WebappManager.jsm :: this.WebappManager.uninit :: line 42&quot;  data: no]
************************************************************
************************************************************
* Call to xpconnect wrapped JSObject produced this error:  *
[Exception... &quot;Component returned failure code: 0x80004005 (NS_ERROR_FAILURE) [nsIIdleService.removeIdleObserver]&quot;  nsresult: &quot;0x80004005 (NS_ERROR_FAILURE)&quot;  location: &quot;JS frame :: resource://app/components/nsBrowserGlue.js :: BG__onPlacesShutdown :: line 1233&quot;  data: no]
************************************************************
************************************************************
* Call to xpconnect wrapped JSObject produced this error:  *
[Exception... &quot;Component returned failure code: 0x80004005 (NS_ERROR_FAILURE) [nsIIdleService.removeIdleObserver]&quot;  nsresult: &quot;0x80004005 (NS_ERROR_FAILURE)&quot;  location: &quot;JS frame :: resource://app/components/nsBrowserGlue.js :: BG__dispose :: line 422&quot;  data: no]
************************************************************
1422596197186	addons.manager	DEBUG	shutdown
1422596197186	addons.xpi	DEBUG	shutdown
1422596197186	addons.xpi	DEBUG	Notifying XPI shutdown observers
1422596197190	addons.manager	DEBUG	Async provider shutdown done

Build info: version: &apos;2.42.2&apos;, revision: &apos;6a6995d31c7c56c340d6f45a76976d43506cd6cc&apos;, time: &apos;2014-06-03 10:52:47&apos;
System info: host: &apos;sapna-testlead&apos;, ip: &apos;192.168.136.208&apos;, os.name: &apos;Windows 7&apos;, os.arch: &apos;amd64&apos;, os.version: &apos;6.1&apos;, java.version: &apos;1.7.0_65&apos;
Driver info: driver.version: FirefoxDriver
	at org.openqa.selenium.firefox.internal.NewProfileExtensionConnection.start(NewProfileExtensionConnection.java:130)
	at org.openqa.selenium.firefox.FirefoxDriver.startClient(FirefoxDriver.java:246)
	at org.openqa.selenium.remote.RemoteWebDriver.&lt;init&gt;(RemoteWebDriver.java:114)
	at org.openqa.selenium.firefox.FirefoxDriver.&lt;init&gt;(FirefoxDriver.java:191)
	at org.openqa.selenium.firefox.FirefoxDriver.&lt;init&gt;(FirefoxDriver.java:186)
	at org.openqa.selenium.firefox.FirefoxDriver.&lt;init&gt;(FirefoxDriver.java:182)
	at com.qa.tests.ui.common.TestBase.setUp(TestBase.java:36)
	at com.qa.tests.ui.tests.LoginTest.setUp(LoginTest.java:63)
	at sun.reflect.NativeMethodAccessorImpl.invoke0(Native Method)
	at sun.reflect.NativeMethodAccessorImpl.invoke(NativeMethodAccessorImpl.java:57)
	at sun.reflect.DelegatingMethodAccessorImpl.invoke(DelegatingMethodAccessorImpl.java:43)
	at java.lang.reflect.Method.invoke(Method.java:606)
	at org.testng.internal.MethodInvocationHelper.invokeMethod(MethodInvocationHelper.java:84)
	at org.testng.internal.Invoker.invokeConfigurationMethod(Invoker.java:564)
	at org.testng.internal.Invoker.invokeConfigurations(Invoker.java:213)
	at org.testng.internal.Invoker.invokeMethod(Invoker.java:653)
	at org.testng.internal.Invoker.invokeTestMethod(Invoker.java:901)
	at org.testng.internal.Invoker.invokeTestMethods(Invoker.java:1231)
	at org.testng.internal.TestMethodWorker.invokeTestMethods(TestMethodWorker.java:127)
	at org.testng.internal.TestMethodWorker.run(TestMethodWorker.java:111)
	at org.testng.TestRunner.privateRun(TestRunner.java:767)
	at org.testng.TestRunner.run(TestRunner.java:617)
	at org.testng.SuiteRunner.runTest(SuiteRunner.java:334)
	at org.testng.SuiteRunner.runSequentially(SuiteRunner.java:329)
	at org.testng.SuiteRunner.privateRun(SuiteRunner.java:291)
	at org.testng.SuiteRunner.run(SuiteRunner.java:240)
	at org.testng.SuiteRunnerWorker.runSuite(SuiteRunnerWorker.java:52)
	at org.testng.SuiteRunnerWorker.run(SuiteRunnerWorker.java:86)
	at org.testng.TestNG.runSuitesSequentially(TestNG.java:1224)
	at org.testng.TestNG.runSuitesLocally(TestNG.java:1149)
	at org.testng.TestNG.run(TestNG.java:1057)
	at org.testng.remote.RemoteTestNG.run(RemoteTestNG.java:111)
	at org.testng.remote.RemoteTestNG.initAndRun(RemoteTestNG.java:204)
	at org.testng.remote.RemoteTestNG.main(RemoteTestNG.java:175)
Caused by: org.openqa.selenium.firefox.NotConnectedException: Unable to connect to host 127.0.0.1 on port 7055 after 45000 ms. Firefox console output:
6192590	DeferredSave.extensions.json	DEBUG	Save changes
1422596192600	addons.xpi	DEBUG	Updating database with changes to installed add-ons
1422596192601	addons.xpi-utils	DEBUG	Updating add-on states
1422596192601	addons.xpi-utils	DEBUG	Writing add-ons list
1422596192819	DeferredSave.extensions.json	DEBUG	Starting timer
************************************************************
* Call to xpconnect wrapped JSObject produced this error:  *
[Exception... &quot;Component returned failure code: 0x80004005 (NS_ERROR_FAILURE) [nsIIdleService.removeIdleObserver]&quot;  nsresult: &quot;0x80004005 (NS_ERROR_FAILURE)&quot;  location: &quot;JS frame :: resource://app/components/nsBrowserGlue.js :: BG__onPlacesShutdown :: line 1233&quot;  data: no]
************************************************************
1422596192843	DeferredSave.extensions.json	DEBUG	Starting write
************************************************************
* Call to xpconnect wrapped JSObject produced this error:  *
[Exception... &quot;Component returned failure code: 0x80004005 (NS_ERROR_FAILURE) [nsIIdleService.removeIdleObserver]&quot;  nsresult: &quot;0x80004005 (NS_ERROR_FAILURE)&quot;  location: &quot;JS frame :: resource://app/components/nsBrowserGlue.js :: BG__dispose :: line 422&quot;  data: no]
************************************************************
1422596192847	addons.manager	DEBUG	shutdown
1422596192847	addons.xpi	DEBUG	shutdown
1422596192847	addons.xpi-utils	DEBUG	shutdown
1422596192890	DeferredSave.extensions.json	DEBUG	Write succeeded
1422596192890	addons.xpi-utils	DEBUG	XPI Database saved, setting schema version preference to 16
1422596192890	addons.xpi	DEBUG	Notifying XPI shutdown observers
1422596192893	addons.manager	DEBUG	Async provider shutdown done
1422596193190	addons.manager	DEBUG	Loaded provider scope for resource://gre/modules/addons/XPIProvider.jsm: [&quot;XPIProvider&quot;]
1422596193192	addons.manager	DEBUG	Loaded provider scope for resource://gre/modules/LightweightThemeManager.jsm: [&quot;LightweightThemeManager&quot;]
1422596193193	addons.xpi	DEBUG	startup
1422596193193	addons.xpi	DEBUG	Skipping unavailable install location app-system-local
1422596193193	addons.xpi	DEBUG	Skipping unavailable install location app-system-share
1422596193194	addons.xpi	DEBUG	Ignoring file entry whose name is not a valid add-on ID: C:\Users\sapna\AppData\Local\Temp\anonymous5606055647754707654webdriver-profile\extensions\webdriver-staging
1422596193205	addons.xpi	DEBUG	checkForChanges
1422596193216	addons.xpi	DEBUG	No changes found
************************************************************
* Call to xpconnect wrapped JSObject produced this error:  *
[Exception... &quot;Component returned failure code: 0x80004005 (NS_ERROR_FAILURE) [nsIObserverService.removeObserver]&quot;  nsresult: &quot;0x80004005 (NS_ERROR_FAILURE)&quot;  location: &quot;JS frame :: resource://app/modules/WebappManager.jsm :: this.WebappManager.uninit :: line 42&quot;  data: no]
************************************************************
************************************************************
* Call to xpconnect wrapped JSObject produced this error:  *
[Exception... &quot;Component returned failure code: 0x80004005 (NS_ERROR_FAILURE) [nsIIdleService.removeIdleObserver]&quot;  nsresult: &quot;0x80004005 (NS_ERROR_FAILURE)&quot;  location: &quot;JS frame :: resource://app/components/nsBrowserGlue.js :: BG__onPlacesShutdown :: line 1233&quot;  data: no]
************************************************************
************************************************************
* Call to xpconnect wrapped JSObject produced this error:  *
[Exception... &quot;Component returned failure code: 0x80004005 (NS_ERROR_FAILURE) [nsIIdleService.removeIdleObserver]&quot;  nsresult: &quot;0x80004005 (NS_ERROR_FAILURE)&quot;  location: &quot;JS frame :: resource://app/components/nsBrowserGlue.js :: BG__dispose :: line 422&quot;  data: no]
************************************************************
1422596197186	addons.manager	DEBUG	shutdown
1422596197186	addons.xpi	DEBUG	shutdown
1422596197186	addons.xpi	DEBUG	Notifying XPI shutdown observers
1422596197190	addons.manager	DEBUG	Async provider shutdown done

	at org.openqa.selenium.firefox.internal.NewProfileExtensionConnection.start(NewProfileExtensionConnection.java:118)
	... 33 more
</pre></div><a href='#' onClick='toggleBox("stack-trace758643288", this, "Click to show all stack frames", "Click to hide stack frames")'>Click to show all stack frames</a>
<div class='stack-trace' id='stack-trace758643288'><pre>org.openqa.selenium.WebDriverException: Failed to connect to binary FirefoxBinary(C:\Program Files (x86)\Mozilla Firefox\firefox.exe) on port 7055; process output follows: 
6192590	DeferredSave.extensions.json	DEBUG	Save changes
1422596192600	addons.xpi	DEBUG	Updating database with changes to installed add-ons
1422596192601	addons.xpi-utils	DEBUG	Updating add-on states
1422596192601	addons.xpi-utils	DEBUG	Writing add-ons list
1422596192819	DeferredSave.extensions.json	DEBUG	Starting timer
************************************************************
* Call to xpconnect wrapped JSObject produced this error:  *
[Exception... &quot;Component returned failure code: 0x80004005 (NS_ERROR_FAILURE) [nsIIdleService.removeIdleObserver]&quot;  nsresult: &quot;0x80004005 (NS_ERROR_FAILURE)&quot;  location: &quot;JS frame :: resource://app/components/nsBrowserGlue.js :: BG__onPlacesShutdown :: line 1233&quot;  data: no]
************************************************************
1422596192843	DeferredSave.extensions.json	DEBUG	Starting write
************************************************************
* Call to xpconnect wrapped JSObject produced this error:  *
[Exception... &quot;Component returned failure code: 0x80004005 (NS_ERROR_FAILURE) [nsIIdleService.removeIdleObserver]&quot;  nsresult: &quot;0x80004005 (NS_ERROR_FAILURE)&quot;  location: &quot;JS frame :: resource://app/components/nsBrowserGlue.js :: BG__dispose :: line 422&quot;  data: no]
************************************************************
1422596192847	addons.manager	DEBUG	shutdown
1422596192847	addons.xpi	DEBUG	shutdown
1422596192847	addons.xpi-utils	DEBUG	shutdown
1422596192890	DeferredSave.extensions.json	DEBUG	Write succeeded
1422596192890	addons.xpi-utils	DEBUG	XPI Database saved, setting schema version preference to 16
1422596192890	addons.xpi	DEBUG	Notifying XPI shutdown observers
1422596192893	addons.manager	DEBUG	Async provider shutdown done
1422596193190	addons.manager	DEBUG	Loaded provider scope for resource://gre/modules/addons/XPIProvider.jsm: [&quot;XPIProvider&quot;]
1422596193192	addons.manager	DEBUG	Loaded provider scope for resource://gre/modules/LightweightThemeManager.jsm: [&quot;LightweightThemeManager&quot;]
1422596193193	addons.xpi	DEBUG	startup
1422596193193	addons.xpi	DEBUG	Skipping unavailable install location app-system-local
1422596193193	addons.xpi	DEBUG	Skipping unavailable install location app-system-share
1422596193194	addons.xpi	DEBUG	Ignoring file entry whose name is not a valid add-on ID: C:\Users\sapna\AppData\Local\Temp\anonymous5606055647754707654webdriver-profile\extensions\webdriver-staging
1422596193205	addons.xpi	DEBUG	checkForChanges
1422596193216	addons.xpi	DEBUG	No changes found
************************************************************
* Call to xpconnect wrapped JSObject produced this error:  *
[Exception... &quot;Component returned failure code: 0x80004005 (NS_ERROR_FAILURE) [nsIObserverService.removeObserver]&quot;  nsresult: &quot;0x80004005 (NS_ERROR_FAILURE)&quot;  location: &quot;JS frame :: resource://app/modules/WebappManager.jsm :: this.WebappManager.uninit :: line 42&quot;  data: no]
************************************************************
************************************************************
* Call to xpconnect wrapped JSObject produced this error:  *
[Exception... &quot;Component returned failure code: 0x80004005 (NS_ERROR_FAILURE) [nsIIdleService.removeIdleObserver]&quot;  nsresult: &quot;0x80004005 (NS_ERROR_FAILURE)&quot;  location: &quot;JS frame :: resource://app/components/nsBrowserGlue.js :: BG__onPlacesShutdown :: line 1233&quot;  data: no]
************************************************************
************************************************************
* Call to xpconnect wrapped JSObject produced this error:  *
[Exception... &quot;Component returned failure code: 0x80004005 (NS_ERROR_FAILURE) [nsIIdleService.removeIdleObserver]&quot;  nsresult: &quot;0x80004005 (NS_ERROR_FAILURE)&quot;  location: &quot;JS frame :: resource://app/components/nsBrowserGlue.js :: BG__dispose :: line 422&quot;  data: no]
************************************************************
1422596197186	addons.manager	DEBUG	shutdown
1422596197186	addons.xpi	DEBUG	shutdown
1422596197186	addons.xpi	DEBUG	Notifying XPI shutdown observers
1422596197190	addons.manager	DEBUG	Async provider shutdown done

Build info: version: &apos;2.42.2&apos;, revision: &apos;6a6995d31c7c56c340d6f45a76976d43506cd6cc&apos;, time: &apos;2014-06-03 10:52:47&apos;
System info: host: &apos;sapna-testlead&apos;, ip: &apos;192.168.136.208&apos;, os.name: &apos;Windows 7&apos;, os.arch: &apos;amd64&apos;, os.version: &apos;6.1&apos;, java.version: &apos;1.7.0_65&apos;
Driver info: driver.version: FirefoxDriver
	at org.openqa.selenium.firefox.internal.NewProfileExtensionConnection.start(NewProfileExtensionConnection.java:130)
	at org.openqa.selenium.firefox.FirefoxDriver.startClient(FirefoxDriver.java:246)
	at org.openqa.selenium.remote.RemoteWebDriver.&lt;init&gt;(RemoteWebDriver.java:114)
	at org.openqa.selenium.firefox.FirefoxDriver.&lt;init&gt;(FirefoxDriver.java:191)
	at org.openqa.selenium.firefox.FirefoxDriver.&lt;init&gt;(FirefoxDriver.java:186)
	at org.openqa.selenium.firefox.FirefoxDriver.&lt;init&gt;(FirefoxDriver.java:182)
	at com.qa.tests.ui.common.TestBase.setUp(TestBase.java:36)
	at com.qa.tests.ui.tests.LoginTest.setUp(LoginTest.java:63)
	at sun.reflect.NativeMethodAccessorImpl.invoke0(Native Method)
	at sun.reflect.NativeMethodAccessorImpl.invoke(NativeMethodAccessorImpl.java:57)
	at sun.reflect.DelegatingMethodAccessorImpl.invoke(DelegatingMethodAccessorImpl.java:43)
	at java.lang.reflect.Method.invoke(Method.java:606)
	at org.testng.internal.MethodInvocationHelper.invokeMethod(MethodInvocationHelper.java:84)
	at org.testng.internal.Invoker.invokeConfigurationMethod(Invoker.java:564)
	at org.testng.internal.Invoker.invokeConfigurations(Invoker.java:213)
	at org.testng.internal.Invoker.invokeMethod(Invoker.java:653)
	at org.testng.internal.Invoker.invokeTestMethod(Invoker.java:901)
	at org.testng.internal.Invoker.invokeTestMethods(Invoker.java:1231)
	at org.testng.internal.TestMethodWorker.invokeTestMethods(TestMethodWorker.java:127)
	at org.testng.internal.TestMethodWorker.run(TestMethodWorker.java:111)
	at org.testng.TestRunner.privateRun(TestRunner.java:767)
	at org.testng.TestRunner.run(TestRunner.java:617)
	at org.testng.SuiteRunner.runTest(SuiteRunner.java:334)
	at org.testng.SuiteRunner.runSequentially(SuiteRunner.java:329)
	at org.testng.SuiteRunner.privateRun(SuiteRunner.java:291)
	at org.testng.SuiteRunner.run(SuiteRunner.java:240)
	at org.testng.SuiteRunnerWorker.runSuite(SuiteRunnerWorker.java:52)
	at org.testng.SuiteRunnerWorker.run(SuiteRunnerWorker.java:86)
	at org.testng.TestNG.runSuitesSequentially(TestNG.java:1224)
	at org.testng.TestNG.runSuitesLocally(TestNG.java:1149)
	at org.testng.TestNG.run(TestNG.java:1057)
	at org.testng.remote.RemoteTestNG.run(RemoteTestNG.java:111)
	at org.testng.remote.RemoteTestNG.initAndRun(RemoteTestNG.java:204)
	at org.testng.remote.RemoteTestNG.main(RemoteTestNG.java:175)
Caused by: org.openqa.selenium.firefox.NotConnectedException: Unable to connect to host 127.0.0.1 on port 7055 after 45000 ms. Firefox console output:
6192590	DeferredSave.extensions.json	DEBUG	Save changes
1422596192600	addons.xpi	DEBUG	Updating database with changes to installed add-ons
1422596192601	addons.xpi-utils	DEBUG	Updating add-on states
1422596192601	addons.xpi-utils	DEBUG	Writing add-ons list
1422596192819	DeferredSave.extensions.json	DEBUG	Starting timer
************************************************************
* Call to xpconnect wrapped JSObject produced this error:  *
[Exception... &quot;Component returned failure code: 0x80004005 (NS_ERROR_FAILURE) [nsIIdleService.removeIdleObserver]&quot;  nsresult: &quot;0x80004005 (NS_ERROR_FAILURE)&quot;  location: &quot;JS frame :: resource://app/components/nsBrowserGlue.js :: BG__onPlacesShutdown :: line 1233&quot;  data: no]
************************************************************
1422596192843	DeferredSave.extensions.json	DEBUG	Starting write
************************************************************
* Call to xpconnect wrapped JSObject produced this error:  *
[Exception... &quot;Component returned failure code: 0x80004005 (NS_ERROR_FAILURE) [nsIIdleService.removeIdleObserver]&quot;  nsresult: &quot;0x80004005 (NS_ERROR_FAILURE)&quot;  location: &quot;JS frame :: resource://app/components/nsBrowserGlue.js :: BG__dispose :: line 422&quot;  data: no]
************************************************************
1422596192847	addons.manager	DEBUG	shutdown
1422596192847	addons.xpi	DEBUG	shutdown
1422596192847	addons.xpi-utils	DEBUG	shutdown
1422596192890	DeferredSave.extensions.json	DEBUG	Write succeeded
1422596192890	addons.xpi-utils	DEBUG	XPI Database saved, setting schema version preference to 16
1422596192890	addons.xpi	DEBUG	Notifying XPI shutdown observers
1422596192893	addons.manager	DEBUG	Async provider shutdown done
1422596193190	addons.manager	DEBUG	Loaded provider scope for resource://gre/modules/addons/XPIProvider.jsm: [&quot;XPIProvider&quot;]
1422596193192	addons.manager	DEBUG	Loaded provider scope for resource://gre/modules/LightweightThemeManager.jsm: [&quot;LightweightThemeManager&quot;]
1422596193193	addons.xpi	DEBUG	startup
1422596193193	addons.xpi	DEBUG	Skipping unavailable install location app-system-local
1422596193193	addons.xpi	DEBUG	Skipping unavailable install location app-system-share
1422596193194	addons.xpi	DEBUG	Ignoring file entry whose name is not a valid add-on ID: C:\Users\sapna\AppData\Local\Temp\anonymous5606055647754707654webdriver-profile\extensions\webdriver-staging
1422596193205	addons.xpi	DEBUG	checkForChanges
1422596193216	addons.xpi	DEBUG	No changes found
************************************************************
* Call to xpconnect wrapped JSObject produced this error:  *
[Exception... &quot;Component returned failure code: 0x80004005 (NS_ERROR_FAILURE) [nsIObserverService.removeObserver]&quot;  nsresult: &quot;0x80004005 (NS_ERROR_FAILURE)&quot;  location: &quot;JS frame :: resource://app/modules/WebappManager.jsm :: this.WebappManager.uninit :: line 42&quot;  data: no]
************************************************************
************************************************************
* Call to xpconnect wrapped JSObject produced this error:  *
[Exception... &quot;Component returned failure code: 0x80004005 (NS_ERROR_FAILURE) [nsIIdleService.removeIdleObserver]&quot;  nsresult: &quot;0x80004005 (NS_ERROR_FAILURE)&quot;  location: &quot;JS frame :: resource://app/components/nsBrowserGlue.js :: BG__onPlacesShutdown :: line 1233&quot;  data: no]
************************************************************
************************************************************
* Call to xpconnect wrapped JSObject produced this error:  *
[Exception... &quot;Component returned failure code: 0x80004005 (NS_ERROR_FAILURE) [nsIIdleService.removeIdleObserver]&quot;  nsresult: &quot;0x80004005 (NS_ERROR_FAILURE)&quot;  location: &quot;JS frame :: resource://app/components/nsBrowserGlue.js :: BG__dispose :: line 422&quot;  data: no]
************************************************************
1422596197186	addons.manager	DEBUG	shutdown
1422596197186	addons.xpi	DEBUG	shutdown
1422596197186	addons.xpi	DEBUG	Notifying XPI shutdown observers
1422596197190	addons.manager	DEBUG	Async provider shutdown done

	at org.openqa.selenium.firefox.internal.NewProfileExtensionConnection.start(NewProfileExtensionConnection.java:118)
	... 33 more
</pre></div></td>
<td>0</td>
<td>com.qa.tests.ui.tests.LoginTest@9794e36</td></tr>
</table><p>
<table width='100%' border='1' class='invocation-skipped'>
<tr><td colspan='4' align='center'><b>SKIPPED CONFIGURATIONS</b></td></tr>
<tr><td><b>Test method</b></td>
<td width="30%"><b>Exception</b></td>
<td width="10%"><b>Time (seconds)</b></td>
<td><b>Instance</b></td>
</tr>
<tr>
<td title='com.qa.tests.ui.tests.LoginTest.tearDown()'><b>tearDown</b><br>Test class: com.qa.tests.ui.tests.LoginTest</td>
<td></td>
<td>0</td>
<td>com.qa.tests.ui.tests.LoginTest@9794e36</td></tr>
</table><p>
<table width='100%' border='1' class='invocation-failed'>
<tr><td colspan='4' align='center'><b>FAILED TESTS</b></td></tr>
<tr><td><b>Test method</b></td>
<td width="30%"><b>Exception</b></td>
<td width="10%"><b>Time (seconds)</b></td>
<td><b>Instance</b></td>
</tr>
<tr>
<td title='com.qa.tests.ui.tests.LoginTest.testVerifyCreateAccountFunctionality()'><b>testVerifyCreateAccountFunctionality</b><br>Test class: com.qa.tests.ui.tests.LoginTest</td>
<td><div><pre>org.openqa.selenium.NoSuchElementException: Unable to locate element: {&quot;method&quot;:&quot;xpath&quot;,&quot;selector&quot;:&quot;//a[contains(@href,&apos;http://stageops.portea.com/authenticate/register&apos;)]&quot;}
Command duration or timeout: 30.09 seconds
For documentation on this error, please visit: http://seleniumhq.org/exceptions/no_such_element.html
Build info: version: &apos;2.42.2&apos;, revision: &apos;6a6995d31c7c56c340d6f45a76976d43506cd6cc&apos;, time: &apos;2014-06-03 10:52:47&apos;
System info: host: &apos;sapna-testlead&apos;, ip: &apos;192.168.136.208&apos;, os.name: &apos;Windows 7&apos;, os.arch: &apos;amd64&apos;, os.version: &apos;6.1&apos;, java.version: &apos;1.7.0_65&apos;
Session ID: 140f4fc7-3420-4a5c-b59b-dcfd8ff19350
Driver info: org.openqa.selenium.firefox.FirefoxDriver
Capabilities [{platform=XP, databaseEnabled=true, cssSelectorsEnabled=true, javascriptEnabled=true, acceptSslCerts=true, handlesAlerts=true, browserName=firefox, webStorageEnabled=true, nativeEvents=false, rotatable=false, locationContextEnabled=true, applicationCacheEnabled=true, takesScreenshot=true, version=31.0}]
	at sun.reflect.NativeConstructorAccessorImpl.newInstance0(Native Method)
	at sun.reflect.NativeConstructorAccessorImpl.newInstance(NativeConstructorAccessorImpl.java:57)
	at sun.reflect.DelegatingConstructorAccessorImpl.newInstance(DelegatingConstructorAccessorImpl.java:45)
	at java.lang.reflect.Constructor.newInstance(Constructor.java:526)
	at org.openqa.selenium.remote.ErrorHandler.createThrowable(ErrorHandler.java:204)
	at org.openqa.selenium.remote.ErrorHandler.throwIfResponseFailed(ErrorHandler.java:156)
	at org.openqa.selenium.remote.RemoteWebDriver.execute(RemoteWebDriver.java:599)
	at org.openqa.selenium.remote.RemoteWebDriver.findElement(RemoteWebDriver.java:352)
	at org.openqa.selenium.remote.RemoteWebDriver.findElementByXPath(RemoteWebDriver.java:449)
	at org.openqa.selenium.By$ByXPath.findElement(By.java:357)
	at org.openqa.selenium.remote.RemoteWebDriver.findElement(RemoteWebDriver.java:344)
	at com.qa.tests.ui.pages.LoginPage.createAccount(LoginPage.java:201)
	at com.qa.tests.ui.tests.LoginTest.testVerifyCreateAccountFunctionality(LoginTest.java:215)
	at sun.reflect.NativeMethodAccessorImpl.invoke0(Native Method)
	at sun.reflect.NativeMethodAccessorImpl.invoke(NativeMethodAccessorImpl.java:57)
	at sun.reflect.DelegatingMethodAccessorImpl.invoke(DelegatingMethodAccessorImpl.java:43)
	at java.lang.reflect.Method.invoke(Method.java:606)
	at org.testng.internal.MethodInvocationHelper.invokeMethod(MethodInvocationHelper.java:84)
	at org.testng.internal.Invoker.invokeMethod(Invoker.java:714)
	at org.testng.internal.Invoker.invokeTestMethod(Invoker.java:901)
	at org.testng.internal.Invoker.invokeTestMethods(Invoker.java:1231)
	at org.testng.internal.TestMethodWorker.invokeTestMethods(TestMethodWorker.java:127)
	at org.testng.internal.TestMethodWorker.run(TestMethodWorker.java:111)
	at org.testng.TestRunner.privateRun(TestRunner.java:767)
	at org.testng.TestRunner.run(TestRunner.java:617)
	at org.testng.SuiteRunner.runTest(SuiteRunner.java:334)
	at org.testng.SuiteRunner.runSequentially(SuiteRunner.java:329)
	at org.testng.SuiteRunner.privateRun(SuiteRunner.java:291)
	at org.testng.SuiteRunner.run(SuiteRunner.java:240)
	at org.testng.SuiteRunnerWorker.runSuite(SuiteRunnerWorker.java:52)
	at org.testng.SuiteRunnerWorker.run(SuiteRunnerWorker.java:86)
	at org.testng.TestNG.runSuitesSequentially(TestNG.java:1224)
	at org.testng.TestNG.runSuitesLocally(TestNG.java:1149)
	at org.testng.TestNG.run(TestNG.java:1057)
	at org.testng.remote.RemoteTestNG.run(RemoteTestNG.java:111)
	at org.testng.remote.RemoteTestNG.initAndRun(RemoteTestNG.java:204)
	at org.testng.remote.RemoteTestNG.main(RemoteTestNG.java:175)
Caused by: org.openqa.selenium.remote.ErrorHandler$UnknownServerException: Unable to locate element: {&quot;method&quot;:&quot;xpath&quot;,&quot;selector&quot;:&quot;//a[contains(@href,&apos;http://stageops.portea.com/authenticate/register&apos;)]&quot;}
Build info: version: &apos;2.42.2&apos;, revision: &apos;6a6995d31c7c56c340d6f45a76976d43506cd6cc&apos;, time: &apos;2014-06-03 10:52:47&apos;
System info: host: &apos;sapna-testlead&apos;, ip: &apos;192.168.136.208&apos;, os.name: &apos;Windows 7&apos;, os.arch: &apos;amd64&apos;, os.version: &apos;6.1&apos;, java.version: &apos;1.7.0_65&apos;
Driver info: driver.version: unknown
	at &lt;anonymous class&gt;.FirefoxDriver.prototype.findElementInternal_(file:///C:/Users/sapna/AppData/Local/Temp/anonymous4375728997899132740webdriver-profile/extensions/fxdriver@googlecode.com/components/driver_component.js:9470:133)
	at &lt;anonymous class&gt;.fxdriver.Timer.prototype.setTimeout/&lt;.notify(file:///C:/Users/sapna/AppData/Local/Temp/anonymous4375728997899132740webdriver-profile/extensions/fxdriver@googlecode.com/components/driver_component.js:407:5)
</pre></div><a href='#' onClick='toggleBox("stack-trace1681624878", this, "Click to show all stack frames", "Click to hide stack frames")'>Click to show all stack frames</a>
<div class='stack-trace' id='stack-trace1681624878'><pre>org.openqa.selenium.NoSuchElementException: Unable to locate element: {&quot;method&quot;:&quot;xpath&quot;,&quot;selector&quot;:&quot;//a[contains(@href,&apos;http://stageops.portea.com/authenticate/register&apos;)]&quot;}
Command duration or timeout: 30.09 seconds
For documentation on this error, please visit: http://seleniumhq.org/exceptions/no_such_element.html
Build info: version: &apos;2.42.2&apos;, revision: &apos;6a6995d31c7c56c340d6f45a76976d43506cd6cc&apos;, time: &apos;2014-06-03 10:52:47&apos;
System info: host: &apos;sapna-testlead&apos;, ip: &apos;192.168.136.208&apos;, os.name: &apos;Windows 7&apos;, os.arch: &apos;amd64&apos;, os.version: &apos;6.1&apos;, java.version: &apos;1.7.0_65&apos;
Session ID: 140f4fc7-3420-4a5c-b59b-dcfd8ff19350
Driver info: org.openqa.selenium.firefox.FirefoxDriver
Capabilities [{platform=XP, databaseEnabled=true, cssSelectorsEnabled=true, javascriptEnabled=true, acceptSslCerts=true, handlesAlerts=true, browserName=firefox, webStorageEnabled=true, nativeEvents=false, rotatable=false, locationContextEnabled=true, applicationCacheEnabled=true, takesScreenshot=true, version=31.0}]
	at sun.reflect.NativeConstructorAccessorImpl.newInstance0(Native Method)
	at sun.reflect.NativeConstructorAccessorImpl.newInstance(NativeConstructorAccessorImpl.java:57)
	at sun.reflect.DelegatingConstructorAccessorImpl.newInstance(DelegatingConstructorAccessorImpl.java:45)
	at java.lang.reflect.Constructor.newInstance(Constructor.java:526)
	at org.openqa.selenium.remote.ErrorHandler.createThrowable(ErrorHandler.java:204)
	at org.openqa.selenium.remote.ErrorHandler.throwIfResponseFailed(ErrorHandler.java:156)
	at org.openqa.selenium.remote.RemoteWebDriver.execute(RemoteWebDriver.java:599)
	at org.openqa.selenium.remote.RemoteWebDriver.findElement(RemoteWebDriver.java:352)
	at org.openqa.selenium.remote.RemoteWebDriver.findElementByXPath(RemoteWebDriver.java:449)
	at org.openqa.selenium.By$ByXPath.findElement(By.java:357)
	at org.openqa.selenium.remote.RemoteWebDriver.findElement(RemoteWebDriver.java:344)
	at com.qa.tests.ui.pages.LoginPage.createAccount(LoginPage.java:201)
	at com.qa.tests.ui.tests.LoginTest.testVerifyCreateAccountFunctionality(LoginTest.java:215)
	at sun.reflect.NativeMethodAccessorImpl.invoke0(Native Method)
	at sun.reflect.NativeMethodAccessorImpl.invoke(NativeMethodAccessorImpl.java:57)
	at sun.reflect.DelegatingMethodAccessorImpl.invoke(DelegatingMethodAccessorImpl.java:43)
	at java.lang.reflect.Method.invoke(Method.java:606)
	at org.testng.internal.MethodInvocationHelper.invokeMethod(MethodInvocationHelper.java:84)
	at org.testng.internal.Invoker.invokeMethod(Invoker.java:714)
	at org.testng.internal.Invoker.invokeTestMethod(Invoker.java:901)
	at org.testng.internal.Invoker.invokeTestMethods(Invoker.java:1231)
	at org.testng.internal.TestMethodWorker.invokeTestMethods(TestMethodWorker.java:127)
	at org.testng.internal.TestMethodWorker.run(TestMethodWorker.java:111)
	at org.testng.TestRunner.privateRun(TestRunner.java:767)
	at org.testng.TestRunner.run(TestRunner.java:617)
	at org.testng.SuiteRunner.runTest(SuiteRunner.java:334)
	at org.testng.SuiteRunner.runSequentially(SuiteRunner.java:329)
	at org.testng.SuiteRunner.privateRun(SuiteRunner.java:291)
	at org.testng.SuiteRunner.run(SuiteRunner.java:240)
	at org.testng.SuiteRunnerWorker.runSuite(SuiteRunnerWorker.java:52)
	at org.testng.SuiteRunnerWorker.run(SuiteRunnerWorker.java:86)
	at org.testng.TestNG.runSuitesSequentially(TestNG.java:1224)
	at org.testng.TestNG.runSuitesLocally(TestNG.java:1149)
	at org.testng.TestNG.run(TestNG.java:1057)
	at org.testng.remote.RemoteTestNG.run(RemoteTestNG.java:111)
	at org.testng.remote.RemoteTestNG.initAndRun(RemoteTestNG.java:204)
	at org.testng.remote.RemoteTestNG.main(RemoteTestNG.java:175)
Caused by: org.openqa.selenium.remote.ErrorHandler$UnknownServerException: Unable to locate element: {&quot;method&quot;:&quot;xpath&quot;,&quot;selector&quot;:&quot;//a[contains(@href,&apos;http://stageops.portea.com/authenticate/register&apos;)]&quot;}
Build info: version: &apos;2.42.2&apos;, revision: &apos;6a6995d31c7c56c340d6f45a76976d43506cd6cc&apos;, time: &apos;2014-06-03 10:52:47&apos;
System info: host: &apos;sapna-testlead&apos;, ip: &apos;192.168.136.208&apos;, os.name: &apos;Windows 7&apos;, os.arch: &apos;amd64&apos;, os.version: &apos;6.1&apos;, java.version: &apos;1.7.0_65&apos;
Driver info: driver.version: unknown
	at &lt;anonymous class&gt;.FirefoxDriver.prototype.findElementInternal_(file:///C:/Users/sapna/AppData/Local/Temp/anonymous4375728997899132740webdriver-profile/extensions/fxdriver@googlecode.com/components/driver_component.js:9470:133)
	at &lt;anonymous class&gt;.fxdriver.Timer.prototype.setTimeout/&lt;.notify(file:///C:/Users/sapna/AppData/Local/Temp/anonymous4375728997899132740webdriver-profile/extensions/fxdriver@googlecode.com/components/driver_component.js:407:5)
</pre></div></td>
<td>40</td>
<td>com.qa.tests.ui.tests.LoginTest@9794e36</td></tr>
<tr>
<td title='com.qa.tests.ui.tests.LoginTest.testVerifyDuplicateCreateAccount()'><b>testVerifyDuplicateCreateAccount</b><br>Test class: com.qa.tests.ui.tests.LoginTest</td>
<td><div><pre>org.openqa.selenium.NoSuchElementException: Unable to locate element: {&quot;method&quot;:&quot;xpath&quot;,&quot;selector&quot;:&quot;//a[contains(@href,&apos;http://stageops.portea.com/authenticate/register&apos;)]&quot;}
Command duration or timeout: 30.10 seconds
For documentation on this error, please visit: http://seleniumhq.org/exceptions/no_such_element.html
Build info: version: &apos;2.42.2&apos;, revision: &apos;6a6995d31c7c56c340d6f45a76976d43506cd6cc&apos;, time: &apos;2014-06-03 10:52:47&apos;
System info: host: &apos;sapna-testlead&apos;, ip: &apos;192.168.136.208&apos;, os.name: &apos;Windows 7&apos;, os.arch: &apos;amd64&apos;, os.version: &apos;6.1&apos;, java.version: &apos;1.7.0_65&apos;
Session ID: d67b9014-a7f1-49cb-bfcd-2d1097f23407
Driver info: org.openqa.selenium.firefox.FirefoxDriver
Capabilities [{platform=XP, databaseEnabled=true, cssSelectorsEnabled=true, javascriptEnabled=true, acceptSslCerts=true, handlesAlerts=true, browserName=firefox, webStorageEnabled=true, nativeEvents=false, rotatable=false, locationContextEnabled=true, applicationCacheEnabled=true, takesScreenshot=true, version=31.0}]
	at sun.reflect.NativeConstructorAccessorImpl.newInstance0(Native Method)
	at sun.reflect.NativeConstructorAccessorImpl.newInstance(NativeConstructorAccessorImpl.java:57)
	at sun.reflect.DelegatingConstructorAccessorImpl.newInstance(DelegatingConstructorAccessorImpl.java:45)
	at java.lang.reflect.Constructor.newInstance(Constructor.java:526)
	at org.openqa.selenium.remote.ErrorHandler.createThrowable(ErrorHandler.java:204)
	at org.openqa.selenium.remote.ErrorHandler.throwIfResponseFailed(ErrorHandler.java:156)
	at org.openqa.selenium.remote.RemoteWebDriver.execute(RemoteWebDriver.java:599)
	at org.openqa.selenium.remote.RemoteWebDriver.findElement(RemoteWebDriver.java:352)
	at org.openqa.selenium.remote.RemoteWebDriver.findElementByXPath(RemoteWebDriver.java:449)
	at org.openqa.selenium.By$ByXPath.findElement(By.java:357)
	at org.openqa.selenium.remote.RemoteWebDriver.findElement(RemoteWebDriver.java:344)
	at com.qa.tests.ui.pages.LoginPage.createAccount(LoginPage.java:201)
	at com.qa.tests.ui.tests.LoginTest.testVerifyDuplicateCreateAccount(LoginTest.java:227)
	at sun.reflect.NativeMethodAccessorImpl.invoke0(Native Method)
	at sun.reflect.NativeMethodAccessorImpl.invoke(NativeMethodAccessorImpl.java:57)
	at sun.reflect.DelegatingMethodAccessorImpl.invoke(DelegatingMethodAccessorImpl.java:43)
	at java.lang.reflect.Method.invoke(Method.java:606)
	at org.testng.internal.MethodInvocationHelper.invokeMethod(MethodInvocationHelper.java:84)
	at org.testng.internal.Invoker.invokeMethod(Invoker.java:714)
	at org.testng.internal.Invoker.invokeTestMethod(Invoker.java:901)
	at org.testng.internal.Invoker.invokeTestMethods(Invoker.java:1231)
	at org.testng.internal.TestMethodWorker.invokeTestMethods(TestMethodWorker.java:127)
	at org.testng.internal.TestMethodWorker.run(TestMethodWorker.java:111)
	at org.testng.TestRunner.privateRun(TestRunner.java:767)
	at org.testng.TestRunner.run(TestRunner.java:617)
	at org.testng.SuiteRunner.runTest(SuiteRunner.java:334)
	at org.testng.SuiteRunner.runSequentially(SuiteRunner.java:329)
	at org.testng.SuiteRunner.privateRun(SuiteRunner.java:291)
	at org.testng.SuiteRunner.run(SuiteRunner.java:240)
	at org.testng.SuiteRunnerWorker.runSuite(SuiteRunnerWorker.java:52)
	at org.testng.SuiteRunnerWorker.run(SuiteRunnerWorker.java:86)
	at org.testng.TestNG.runSuitesSequentially(TestNG.java:1224)
	at org.testng.TestNG.runSuitesLocally(TestNG.java:1149)
	at org.testng.TestNG.run(TestNG.java:1057)
	at org.testng.remote.RemoteTestNG.run(RemoteTestNG.java:111)
	at org.testng.remote.RemoteTestNG.initAndRun(RemoteTestNG.java:204)
	at org.testng.remote.RemoteTestNG.main(RemoteTestNG.java:175)
Caused by: org.openqa.selenium.remote.ErrorHandler$UnknownServerException: Unable to locate element: {&quot;method&quot;:&quot;xpath&quot;,&quot;selector&quot;:&quot;//a[contains(@href,&apos;http://stageops.portea.com/authenticate/register&apos;)]&quot;}
Build info: version: &apos;2.42.2&apos;, revision: &apos;6a6995d31c7c56c340d6f45a76976d43506cd6cc&apos;, time: &apos;2014-06-03 10:52:47&apos;
System info: host: &apos;sapna-testlead&apos;, ip: &apos;192.168.136.208&apos;, os.name: &apos;Windows 7&apos;, os.arch: &apos;amd64&apos;, os.version: &apos;6.1&apos;, java.version: &apos;1.7.0_65&apos;
Driver info: driver.version: unknown
	at &lt;anonymous class&gt;.FirefoxDriver.prototype.findElementInternal_(file:///C:/Users/sapna/AppData/Local/Temp/anonymous1643949851235339123webdriver-profile/extensions/fxdriver@googlecode.com/components/driver_component.js:9470:133)
	at &lt;anonymous class&gt;.fxdriver.Timer.prototype.setTimeout/&lt;.notify(file:///C:/Users/sapna/AppData/Local/Temp/anonymous1643949851235339123webdriver-profile/extensions/fxdriver@googlecode.com/components/driver_component.js:407:5)
</pre></div><a href='#' onClick='toggleBox("stack-trace186525627", this, "Click to show all stack frames", "Click to hide stack frames")'>Click to show all stack frames</a>
<div class='stack-trace' id='stack-trace186525627'><pre>org.openqa.selenium.NoSuchElementException: Unable to locate element: {&quot;method&quot;:&quot;xpath&quot;,&quot;selector&quot;:&quot;//a[contains(@href,&apos;http://stageops.portea.com/authenticate/register&apos;)]&quot;}
Command duration or timeout: 30.10 seconds
For documentation on this error, please visit: http://seleniumhq.org/exceptions/no_such_element.html
Build info: version: &apos;2.42.2&apos;, revision: &apos;6a6995d31c7c56c340d6f45a76976d43506cd6cc&apos;, time: &apos;2014-06-03 10:52:47&apos;
System info: host: &apos;sapna-testlead&apos;, ip: &apos;192.168.136.208&apos;, os.name: &apos;Windows 7&apos;, os.arch: &apos;amd64&apos;, os.version: &apos;6.1&apos;, java.version: &apos;1.7.0_65&apos;
Session ID: d67b9014-a7f1-49cb-bfcd-2d1097f23407
Driver info: org.openqa.selenium.firefox.FirefoxDriver
Capabilities [{platform=XP, databaseEnabled=true, cssSelectorsEnabled=true, javascriptEnabled=true, acceptSslCerts=true, handlesAlerts=true, browserName=firefox, webStorageEnabled=true, nativeEvents=false, rotatable=false, locationContextEnabled=true, applicationCacheEnabled=true, takesScreenshot=true, version=31.0}]
	at sun.reflect.NativeConstructorAccessorImpl.newInstance0(Native Method)
	at sun.reflect.NativeConstructorAccessorImpl.newInstance(NativeConstructorAccessorImpl.java:57)
	at sun.reflect.DelegatingConstructorAccessorImpl.newInstance(DelegatingConstructorAccessorImpl.java:45)
	at java.lang.reflect.Constructor.newInstance(Constructor.java:526)
	at org.openqa.selenium.remote.ErrorHandler.createThrowable(ErrorHandler.java:204)
	at org.openqa.selenium.remote.ErrorHandler.throwIfResponseFailed(ErrorHandler.java:156)
	at org.openqa.selenium.remote.RemoteWebDriver.execute(RemoteWebDriver.java:599)
	at org.openqa.selenium.remote.RemoteWebDriver.findElement(RemoteWebDriver.java:352)
	at org.openqa.selenium.remote.RemoteWebDriver.findElementByXPath(RemoteWebDriver.java:449)
	at org.openqa.selenium.By$ByXPath.findElement(By.java:357)
	at org.openqa.selenium.remote.RemoteWebDriver.findElement(RemoteWebDriver.java:344)
	at com.qa.tests.ui.pages.LoginPage.createAccount(LoginPage.java:201)
	at com.qa.tests.ui.tests.LoginTest.testVerifyDuplicateCreateAccount(LoginTest.java:227)
	at sun.reflect.NativeMethodAccessorImpl.invoke0(Native Method)
	at sun.reflect.NativeMethodAccessorImpl.invoke(NativeMethodAccessorImpl.java:57)
	at sun.reflect.DelegatingMethodAccessorImpl.invoke(DelegatingMethodAccessorImpl.java:43)
	at java.lang.reflect.Method.invoke(Method.java:606)
	at org.testng.internal.MethodInvocationHelper.invokeMethod(MethodInvocationHelper.java:84)
	at org.testng.internal.Invoker.invokeMethod(Invoker.java:714)
	at org.testng.internal.Invoker.invokeTestMethod(Invoker.java:901)
	at org.testng.internal.Invoker.invokeTestMethods(Invoker.java:1231)
	at org.testng.internal.TestMethodWorker.invokeTestMethods(TestMethodWorker.java:127)
	at org.testng.internal.TestMethodWorker.run(TestMethodWorker.java:111)
	at org.testng.TestRunner.privateRun(TestRunner.java:767)
	at org.testng.TestRunner.run(TestRunner.java:617)
	at org.testng.SuiteRunner.runTest(SuiteRunner.java:334)
	at org.testng.SuiteRunner.runSequentially(SuiteRunner.java:329)
	at org.testng.SuiteRunner.privateRun(SuiteRunner.java:291)
	at org.testng.SuiteRunner.run(SuiteRunner.java:240)
	at org.testng.SuiteRunnerWorker.runSuite(SuiteRunnerWorker.java:52)
	at org.testng.SuiteRunnerWorker.run(SuiteRunnerWorker.java:86)
	at org.testng.TestNG.runSuitesSequentially(TestNG.java:1224)
	at org.testng.TestNG.runSuitesLocally(TestNG.java:1149)
	at org.testng.TestNG.run(TestNG.java:1057)
	at org.testng.remote.RemoteTestNG.run(RemoteTestNG.java:111)
	at org.testng.remote.RemoteTestNG.initAndRun(RemoteTestNG.java:204)
	at org.testng.remote.RemoteTestNG.main(RemoteTestNG.java:175)
Caused by: org.openqa.selenium.remote.ErrorHandler$UnknownServerException: Unable to locate element: {&quot;method&quot;:&quot;xpath&quot;,&quot;selector&quot;:&quot;//a[contains(@href,&apos;http://stageops.portea.com/authenticate/register&apos;)]&quot;}
Build info: version: &apos;2.42.2&apos;, revision: &apos;6a6995d31c7c56c340d6f45a76976d43506cd6cc&apos;, time: &apos;2014-06-03 10:52:47&apos;
System info: host: &apos;sapna-testlead&apos;, ip: &apos;192.168.136.208&apos;, os.name: &apos;Windows 7&apos;, os.arch: &apos;amd64&apos;, os.version: &apos;6.1&apos;, java.version: &apos;1.7.0_65&apos;
Driver info: driver.version: unknown
	at &lt;anonymous class&gt;.FirefoxDriver.prototype.findElementInternal_(file:///C:/Users/sapna/AppData/Local/Temp/anonymous1643949851235339123webdriver-profile/extensions/fxdriver@googlecode.com/components/driver_component.js:9470:133)
	at &lt;anonymous class&gt;.fxdriver.Timer.prototype.setTimeout/&lt;.notify(file:///C:/Users/sapna/AppData/Local/Temp/anonymous1643949851235339123webdriver-profile/extensions/fxdriver@googlecode.com/components/driver_component.js:407:5)
</pre></div></td>
<td>40</td>
<td>com.qa.tests.ui.tests.LoginTest@9794e36</td></tr>
<tr>
<td title='com.qa.tests.ui.tests.LoginTest.testVerifyRegisteredUserLoginBeforeAdminActivation()'><b>testVerifyRegisteredUserLoginBeforeAdminActivation</b><br>Test class: com.qa.tests.ui.tests.LoginTest</td>
<td><div><pre>org.openqa.selenium.NoSuchElementException: Unable to locate element: {&quot;method&quot;:&quot;xpath&quot;,&quot;selector&quot;:&quot;//a[contains(@href,&apos;http://stageops.portea.com/authenticate/register&apos;)]&quot;}
Command duration or timeout: 30.12 seconds
For documentation on this error, please visit: http://seleniumhq.org/exceptions/no_such_element.html
Build info: version: &apos;2.42.2&apos;, revision: &apos;6a6995d31c7c56c340d6f45a76976d43506cd6cc&apos;, time: &apos;2014-06-03 10:52:47&apos;
System info: host: &apos;sapna-testlead&apos;, ip: &apos;192.168.136.208&apos;, os.name: &apos;Windows 7&apos;, os.arch: &apos;amd64&apos;, os.version: &apos;6.1&apos;, java.version: &apos;1.7.0_65&apos;
Session ID: 9995ae6e-2ac7-4716-bfce-a9e7df767a04
Driver info: org.openqa.selenium.firefox.FirefoxDriver
Capabilities [{platform=XP, databaseEnabled=true, cssSelectorsEnabled=true, javascriptEnabled=true, acceptSslCerts=true, handlesAlerts=true, browserName=firefox, webStorageEnabled=true, nativeEvents=false, rotatable=false, locationContextEnabled=true, applicationCacheEnabled=true, takesScreenshot=true, version=31.0}]
	at sun.reflect.NativeConstructorAccessorImpl.newInstance0(Native Method)
	at sun.reflect.NativeConstructorAccessorImpl.newInstance(NativeConstructorAccessorImpl.java:57)
	at sun.reflect.DelegatingConstructorAccessorImpl.newInstance(DelegatingConstructorAccessorImpl.java:45)
	at java.lang.reflect.Constructor.newInstance(Constructor.java:526)
	at org.openqa.selenium.remote.ErrorHandler.createThrowable(ErrorHandler.java:204)
	at org.openqa.selenium.remote.ErrorHandler.throwIfResponseFailed(ErrorHandler.java:156)
	at org.openqa.selenium.remote.RemoteWebDriver.execute(RemoteWebDriver.java:599)
	at org.openqa.selenium.remote.RemoteWebDriver.findElement(RemoteWebDriver.java:352)
	at org.openqa.selenium.remote.RemoteWebDriver.findElementByXPath(RemoteWebDriver.java:449)
	at org.openqa.selenium.By$ByXPath.findElement(By.java:357)
	at org.openqa.selenium.remote.RemoteWebDriver.findElement(RemoteWebDriver.java:344)
	at com.qa.tests.ui.pages.LoginPage.createAccount(LoginPage.java:201)
	at com.qa.tests.ui.tests.LoginTest.testVerifyRegisteredUserLoginBeforeAdminActivation(LoginTest.java:239)
	at sun.reflect.NativeMethodAccessorImpl.invoke0(Native Method)
	at sun.reflect.NativeMethodAccessorImpl.invoke(NativeMethodAccessorImpl.java:57)
	at sun.reflect.DelegatingMethodAccessorImpl.invoke(DelegatingMethodAccessorImpl.java:43)
	at java.lang.reflect.Method.invoke(Method.java:606)
	at org.testng.internal.MethodInvocationHelper.invokeMethod(MethodInvocationHelper.java:84)
	at org.testng.internal.Invoker.invokeMethod(Invoker.java:714)
	at org.testng.internal.Invoker.invokeTestMethod(Invoker.java:901)
	at org.testng.internal.Invoker.invokeTestMethods(Invoker.java:1231)
	at org.testng.internal.TestMethodWorker.invokeTestMethods(TestMethodWorker.java:127)
	at org.testng.internal.TestMethodWorker.run(TestMethodWorker.java:111)
	at org.testng.TestRunner.privateRun(TestRunner.java:767)
	at org.testng.TestRunner.run(TestRunner.java:617)
	at org.testng.SuiteRunner.runTest(SuiteRunner.java:334)
	at org.testng.SuiteRunner.runSequentially(SuiteRunner.java:329)
	at org.testng.SuiteRunner.privateRun(SuiteRunner.java:291)
	at org.testng.SuiteRunner.run(SuiteRunner.java:240)
	at org.testng.SuiteRunnerWorker.runSuite(SuiteRunnerWorker.java:52)
	at org.testng.SuiteRunnerWorker.run(SuiteRunnerWorker.java:86)
	at org.testng.TestNG.runSuitesSequentially(TestNG.java:1224)
	at org.testng.TestNG.runSuitesLocally(TestNG.java:1149)
	at org.testng.TestNG.run(TestNG.java:1057)
	at org.testng.remote.RemoteTestNG.run(RemoteTestNG.java:111)
	at org.testng.remote.RemoteTestNG.initAndRun(RemoteTestNG.java:204)
	at org.testng.remote.RemoteTestNG.main(RemoteTestNG.java:175)
Caused by: org.openqa.selenium.remote.ErrorHandler$UnknownServerException: Unable to locate element: {&quot;method&quot;:&quot;xpath&quot;,&quot;selector&quot;:&quot;//a[contains(@href,&apos;http://stageops.portea.com/authenticate/register&apos;)]&quot;}
Build info: version: &apos;2.42.2&apos;, revision: &apos;6a6995d31c7c56c340d6f45a76976d43506cd6cc&apos;, time: &apos;2014-06-03 10:52:47&apos;
System info: host: &apos;sapna-testlead&apos;, ip: &apos;192.168.136.208&apos;, os.name: &apos;Windows 7&apos;, os.arch: &apos;amd64&apos;, os.version: &apos;6.1&apos;, java.version: &apos;1.7.0_65&apos;
Driver info: driver.version: unknown
	at &lt;anonymous class&gt;.FirefoxDriver.prototype.findElementInternal_(file:///C:/Users/sapna/AppData/Local/Temp/anonymous7248757110345076051webdriver-profile/extensions/fxdriver@googlecode.com/components/driver_component.js:9470:133)
	at &lt;anonymous class&gt;.fxdriver.Timer.prototype.setTimeout/&lt;.notify(file:///C:/Users/sapna/AppData/Local/Temp/anonymous7248757110345076051webdriver-profile/extensions/fxdriver@googlecode.com/components/driver_component.js:407:5)
</pre></div><a href='#' onClick='toggleBox("stack-trace559650306", this, "Click to show all stack frames", "Click to hide stack frames")'>Click to show all stack frames</a>
<div class='stack-trace' id='stack-trace559650306'><pre>org.openqa.selenium.NoSuchElementException: Unable to locate element: {&quot;method&quot;:&quot;xpath&quot;,&quot;selector&quot;:&quot;//a[contains(@href,&apos;http://stageops.portea.com/authenticate/register&apos;)]&quot;}
Command duration or timeout: 30.12 seconds
For documentation on this error, please visit: http://seleniumhq.org/exceptions/no_such_element.html
Build info: version: &apos;2.42.2&apos;, revision: &apos;6a6995d31c7c56c340d6f45a76976d43506cd6cc&apos;, time: &apos;2014-06-03 10:52:47&apos;
System info: host: &apos;sapna-testlead&apos;, ip: &apos;192.168.136.208&apos;, os.name: &apos;Windows 7&apos;, os.arch: &apos;amd64&apos;, os.version: &apos;6.1&apos;, java.version: &apos;1.7.0_65&apos;
Session ID: 9995ae6e-2ac7-4716-bfce-a9e7df767a04
Driver info: org.openqa.selenium.firefox.FirefoxDriver
Capabilities [{platform=XP, databaseEnabled=true, cssSelectorsEnabled=true, javascriptEnabled=true, acceptSslCerts=true, handlesAlerts=true, browserName=firefox, webStorageEnabled=true, nativeEvents=false, rotatable=false, locationContextEnabled=true, applicationCacheEnabled=true, takesScreenshot=true, version=31.0}]
	at sun.reflect.NativeConstructorAccessorImpl.newInstance0(Native Method)
	at sun.reflect.NativeConstructorAccessorImpl.newInstance(NativeConstructorAccessorImpl.java:57)
	at sun.reflect.DelegatingConstructorAccessorImpl.newInstance(DelegatingConstructorAccessorImpl.java:45)
	at java.lang.reflect.Constructor.newInstance(Constructor.java:526)
	at org.openqa.selenium.remote.ErrorHandler.createThrowable(ErrorHandler.java:204)
	at org.openqa.selenium.remote.ErrorHandler.throwIfResponseFailed(ErrorHandler.java:156)
	at org.openqa.selenium.remote.RemoteWebDriver.execute(RemoteWebDriver.java:599)
	at org.openqa.selenium.remote.RemoteWebDriver.findElement(RemoteWebDriver.java:352)
	at org.openqa.selenium.remote.RemoteWebDriver.findElementByXPath(RemoteWebDriver.java:449)
	at org.openqa.selenium.By$ByXPath.findElement(By.java:357)
	at org.openqa.selenium.remote.RemoteWebDriver.findElement(RemoteWebDriver.java:344)
	at com.qa.tests.ui.pages.LoginPage.createAccount(LoginPage.java:201)
	at com.qa.tests.ui.tests.LoginTest.testVerifyRegisteredUserLoginBeforeAdminActivation(LoginTest.java:239)
	at sun.reflect.NativeMethodAccessorImpl.invoke0(Native Method)
	at sun.reflect.NativeMethodAccessorImpl.invoke(NativeMethodAccessorImpl.java:57)
	at sun.reflect.DelegatingMethodAccessorImpl.invoke(DelegatingMethodAccessorImpl.java:43)
	at java.lang.reflect.Method.invoke(Method.java:606)
	at org.testng.internal.MethodInvocationHelper.invokeMethod(MethodInvocationHelper.java:84)
	at org.testng.internal.Invoker.invokeMethod(Invoker.java:714)
	at org.testng.internal.Invoker.invokeTestMethod(Invoker.java:901)
	at org.testng.internal.Invoker.invokeTestMethods(Invoker.java:1231)
	at org.testng.internal.TestMethodWorker.invokeTestMethods(TestMethodWorker.java:127)
	at org.testng.internal.TestMethodWorker.run(TestMethodWorker.java:111)
	at org.testng.TestRunner.privateRun(TestRunner.java:767)
	at org.testng.TestRunner.run(TestRunner.java:617)
	at org.testng.SuiteRunner.runTest(SuiteRunner.java:334)
	at org.testng.SuiteRunner.runSequentially(SuiteRunner.java:329)
	at org.testng.SuiteRunner.privateRun(SuiteRunner.java:291)
	at org.testng.SuiteRunner.run(SuiteRunner.java:240)
	at org.testng.SuiteRunnerWorker.runSuite(SuiteRunnerWorker.java:52)
	at org.testng.SuiteRunnerWorker.run(SuiteRunnerWorker.java:86)
	at org.testng.TestNG.runSuitesSequentially(TestNG.java:1224)
	at org.testng.TestNG.runSuitesLocally(TestNG.java:1149)
	at org.testng.TestNG.run(TestNG.java:1057)
	at org.testng.remote.RemoteTestNG.run(RemoteTestNG.java:111)
	at org.testng.remote.RemoteTestNG.initAndRun(RemoteTestNG.java:204)
	at org.testng.remote.RemoteTestNG.main(RemoteTestNG.java:175)
Caused by: org.openqa.selenium.remote.ErrorHandler$UnknownServerException: Unable to locate element: {&quot;method&quot;:&quot;xpath&quot;,&quot;selector&quot;:&quot;//a[contains(@href,&apos;http://stageops.portea.com/authenticate/register&apos;)]&quot;}
Build info: version: &apos;2.42.2&apos;, revision: &apos;6a6995d31c7c56c340d6f45a76976d43506cd6cc&apos;, time: &apos;2014-06-03 10:52:47&apos;
System info: host: &apos;sapna-testlead&apos;, ip: &apos;192.168.136.208&apos;, os.name: &apos;Windows 7&apos;, os.arch: &apos;amd64&apos;, os.version: &apos;6.1&apos;, java.version: &apos;1.7.0_65&apos;
Driver info: driver.version: unknown
	at &lt;anonymous class&gt;.FirefoxDriver.prototype.findElementInternal_(file:///C:/Users/sapna/AppData/Local/Temp/anonymous7248757110345076051webdriver-profile/extensions/fxdriver@googlecode.com/components/driver_component.js:9470:133)
	at &lt;anonymous class&gt;.fxdriver.Timer.prototype.setTimeout/&lt;.notify(file:///C:/Users/sapna/AppData/Local/Temp/anonymous7248757110345076051webdriver-profile/extensions/fxdriver@googlecode.com/components/driver_component.js:407:5)
</pre></div></td>
<td>40</td>
<td>com.qa.tests.ui.tests.LoginTest@9794e36</td></tr>
</table><p>
<table width='100%' border='1' class='invocation-passed'>
<tr><td colspan='4' align='center'><b>PASSED TESTS</b></td></tr>
<tr><td><b>Test method</b></td>
<td width="30%"><b>Exception</b></td>
<td width="10%"><b>Time (seconds)</b></td>
<td><b>Instance</b></td>
</tr>
<tr>
<td title='com.qa.tests.ui.tests.LoginTest.testVerifyCreateAccountLink()'><b>testVerifyCreateAccountLink</b><br>Test class: com.qa.tests.ui.tests.LoginTest</td>
<td></td>
<td>0</td>
<td>com.qa.tests.ui.tests.LoginTest@9794e36</td></tr>
<tr>
<td title='com.qa.tests.ui.tests.LoginTest.testVerifyErrorMessageonLoginOnLeavingfieldsBlank()'><b>testVerifyErrorMessageonLoginOnLeavingfieldsBlank</b><br>Test class: com.qa.tests.ui.tests.LoginTest</td>
<td></td>
<td>5</td>
<td>com.qa.tests.ui.tests.LoginTest@9794e36</td></tr>
<tr>
<td title='com.qa.tests.ui.tests.LoginTest.testVerifyErrorMessageonLoginWithInvalidCredentials()'><b>testVerifyErrorMessageonLoginWithInvalidCredentials</b><br>Test class: com.qa.tests.ui.tests.LoginTest</td>
<td></td>
<td>5</td>
<td>com.qa.tests.ui.tests.LoginTest@9794e36</td></tr>
<tr>
<td title='com.qa.tests.ui.tests.LoginTest.testVerifyErrorMessageonLoginWithoutUsername()'><b>testVerifyErrorMessageonLoginWithoutUsername</b><br>Test class: com.qa.tests.ui.tests.LoginTest</td>
<td></td>
<td>5</td>
<td>com.qa.tests.ui.tests.LoginTest@9794e36</td></tr>
<tr>
<td title='com.qa.tests.ui.tests.LoginTest.testVerifyForgotPasswordFunctionality()'><b>testVerifyForgotPasswordFunctionality</b><br>Test class: com.qa.tests.ui.tests.LoginTest</td>
<td></td>
<td>17</td>
<td>com.qa.tests.ui.tests.LoginTest@9794e36</td></tr>
<tr>
<td title='com.qa.tests.ui.tests.LoginTest.testVerifyForgotPasswordLink()'><b>testVerifyForgotPasswordLink</b><br>Test class: com.qa.tests.ui.tests.LoginTest</td>
<td></td>
<td>0</td>
<td>com.qa.tests.ui.tests.LoginTest@9794e36</td></tr>
<tr>
<td title='com.qa.tests.ui.tests.LoginTest.testVerifyLogin()'><b>testVerifyLogin</b><br>Test class: com.qa.tests.ui.tests.LoginTest</td>
<td></td>
<td>27</td>
<td>com.qa.tests.ui.tests.LoginTest@9794e36</td></tr>
<tr>
<td title='com.qa.tests.ui.tests.LoginTest.testVerifyLoginButton()'><b>testVerifyLoginButton</b><br>Test class: com.qa.tests.ui.tests.LoginTest</td>
<td></td>
<td>0</td>
<td>com.qa.tests.ui.tests.LoginTest@9794e36</td></tr>
<tr>
<td title='com.qa.tests.ui.tests.LoginTest.testVerifyPasswordField()'><b>testVerifyPasswordField</b><br>Test class: com.qa.tests.ui.tests.LoginTest</td>
<td></td>
<td>0</td>
<td>com.qa.tests.ui.tests.LoginTest@9794e36</td></tr>
<tr>
<td title='com.qa.tests.ui.tests.LoginTest.testVerifyRememberMeCheckbox()'><b>testVerifyRememberMeCheckbox</b><br>Test class: com.qa.tests.ui.tests.LoginTest</td>
<td></td>
<td>0</td>
<td>com.qa.tests.ui.tests.LoginTest@9794e36</td></tr>
<tr>
<td title='com.qa.tests.ui.tests.LoginTest.testVerifyRememberMeLabel()'><b>testVerifyRememberMeLabel</b><br>Test class: com.qa.tests.ui.tests.LoginTest</td>
<td></td>
<td>0</td>
<td>com.qa.tests.ui.tests.LoginTest@9794e36</td></tr>
</table><p>
<table width='100%' border='1' class='invocation-skipped'>
<tr><td colspan='4' align='center'><b>SKIPPED TESTS</b></td></tr>
<tr><td><b>Test method</b></td>
<td width="30%"><b>Exception</b></td>
<td width="10%"><b>Time (seconds)</b></td>
<td><b>Instance</b></td>
</tr>
<tr>
<td title='com.qa.tests.ui.tests.LoginTest.testVerifyUsernameField()'><b>testVerifyUsernameField</b><br>Test class: com.qa.tests.ui.tests.LoginTest</td>
<td></td>
<td>0</td>
<td>com.qa.tests.ui.tests.LoginTest@9794e36</td></tr>
</table><p>
</body>
</html>