<?xml version="1.0" encoding="UTF-8"?>
<!-- Generated by org.testng.reporters.JUnitReportReporter -->
<testsuite hostname="sapna-testlead" name="com.qa.tests.ui.tests.OrderTest" tests="16" failures="1" timestamp="11 Sep 2014 08:20:13 GMT" time="397.426" errors="0">
  <testcase name="testDownloadCSVButtonVisibilityonLabTestTab" time="24.260" classname="com.qa.tests.ui.tests.OrderTest"/>
  <testcase name="testSearchItemOnOrderTab" time="26.531" classname="com.qa.tests.ui.tests.OrderTest"/>
  <testcase name="testVerifyDownloadCSVFileOnLocation" time="23.700" classname="com.qa.tests.ui.tests.OrderTest">
    <failure type="org.openqa.selenium.InvalidSelectorException" message="The given selector C:\Users\sapna\Downloads is either invalid or does not result in a WebElement. The following error occurred:
InvalidSelectorError: Unable to locate an element with the xpath expression C:\Users\sapna\Downloads because of the following error:
[Exception... &quot;The expression is not a legal expression.&quot;  code: &quot;12&quot; nsresult: &quot;0x805b0033 (SyntaxError)&quot;  location: &quot;&lt;unknown&gt;&quot;]
Command duration or timeout: 991 milliseconds
For documentation on this error, please visit: http://seleniumhq.org/exceptions/invalid_selector_exception.html
Build info: version: &#039;2.42.2&#039;, revision: &#039;6a6995d31c7c56c340d6f45a76976d43506cd6cc&#039;, time: &#039;2014-06-03 10:52:47&#039;
System info: host: &#039;sapna-testlead&#039;, ip: &#039;192.168.136.200&#039;, os.name: &#039;Windows 7&#039;, os.arch: &#039;amd64&#039;, os.version: &#039;6.1&#039;, java.version: &#039;1.7.0_65&#039;
Session ID: 00d6f74b-1bad-4f4c-bf6f-cd9d3f3815b5
Driver info: org.openqa.selenium.firefox.FirefoxDriver
Capabilities [{platform=XP, databaseEnabled=true, cssSelectorsEnabled=true, javascriptEnabled=true, acceptSslCerts=true, handlesAlerts=true, browserName=firefox, webStorageEnabled=true, nativeEvents=false, rotatable=false, locationContextEnabled=true, applicationCacheEnabled=true, takesScreenshot=true, version=31.0}]">
      <![CDATA[org.openqa.selenium.InvalidSelectorException: The given selector C:\Users\sapna\Downloads is either invalid or does not result in a WebElement. The following error occurred:
InvalidSelectorError: Unable to locate an element with the xpath expression C:\Users\sapna\Downloads because of the following error:
[Exception... "The expression is not a legal expression."  code: "12" nsresult: "0x805b0033 (SyntaxError)"  location: "<unknown>"]
Command duration or timeout: 991 milliseconds
For documentation on this error, please visit: http://seleniumhq.org/exceptions/invalid_selector_exception.html
Build info: version: '2.42.2', revision: '6a6995d31c7c56c340d6f45a76976d43506cd6cc', time: '2014-06-03 10:52:47'
System info: host: 'sapna-testlead', ip: '192.168.136.200', os.name: 'Windows 7', os.arch: 'amd64', os.version: '6.1', java.version: '1.7.0_65'
Session ID: 00d6f74b-1bad-4f4c-bf6f-cd9d3f3815b5
Driver info: org.openqa.selenium.firefox.FirefoxDriver
Capabilities [{platform=XP, databaseEnabled=true, cssSelectorsEnabled=true, javascriptEnabled=true, acceptSslCerts=true, handlesAlerts=true, browserName=firefox, webStorageEnabled=true, nativeEvents=false, rotatable=false, locationContextEnabled=true, applicationCacheEnabled=true, takesScreenshot=true, version=31.0}]
	at sun.reflect.NativeConstructorAccessorImpl.newInstance0(Native Method)
	at sun.reflect.NativeConstructorAccessorImpl.newInstance(NativeConstructorAccessorImpl.java:57)
	at sun.reflect.DelegatingConstructorAccessorImpl.newInstance(DelegatingConstructorAccessorImpl.java:45)
	at java.lang.reflect.Constructor.newInstance(Constructor.java:526)
	at org.openqa.selenium.remote.ErrorHandler.createThrowable(ErrorHandler.java:204)
	at org.openqa.selenium.remote.ErrorHandler.throwIfResponseFailed(ErrorHandler.java:156)
	at org.openqa.selenium.remote.RemoteWebDriver.execute(RemoteWebDriver.java:599)
	at org.openqa.selenium.remote.RemoteWebDriver.findElement(RemoteWebDriver.java:352)
	at org.openqa.selenium.remote.RemoteWebDriver.findElementByXPath(RemoteWebDriver.java:449)
	at org.openqa.selenium.By$ByXPath.findElement(By.java:357)
	at org.openqa.selenium.remote.RemoteWebDriver.findElement(RemoteWebDriver.java:344)
	at com.qa.tests.ui.pages.OrderPage.downloadCSVLocation(OrderPage.java:153)
	at com.qa.tests.ui.tests.OrderTest.testVerifyDownloadCSVFileOnLocation(OrderTest.java:214)
	at sun.reflect.NativeMethodAccessorImpl.invoke0(Native Method)
	at sun.reflect.NativeMethodAccessorImpl.invoke(NativeMethodAccessorImpl.java:57)
	at sun.reflect.DelegatingMethodAccessorImpl.invoke(DelegatingMethodAccessorImpl.java:43)
	at java.lang.reflect.Method.invoke(Method.java:606)
	at org.testng.internal.MethodInvocationHelper.invokeMethod(MethodInvocationHelper.java:84)
	at org.testng.internal.Invoker.invokeMethod(Invoker.java:714)
	at org.testng.internal.Invoker.invokeTestMethod(Invoker.java:901)
	at org.testng.internal.Invoker.invokeTestMethods(Invoker.java:1231)
	at org.testng.internal.TestMethodWorker.invokeTestMethods(TestMethodWorker.java:127)
	at org.testng.internal.TestMethodWorker.run(TestMethodWorker.java:111)
	at org.testng.TestRunner.privateRun(TestRunner.java:767)
	at org.testng.TestRunner.run(TestRunner.java:617)
	at org.testng.SuiteRunner.runTest(SuiteRunner.java:334)
	at org.testng.SuiteRunner.runSequentially(SuiteRunner.java:329)
	at org.testng.SuiteRunner.privateRun(SuiteRunner.java:291)
	at org.testng.SuiteRunner.run(SuiteRunner.java:240)
	at org.testng.SuiteRunnerWorker.runSuite(SuiteRunnerWorker.java:52)
	at org.testng.SuiteRunnerWorker.run(SuiteRunnerWorker.java:86)
	at org.testng.TestNG.runSuitesSequentially(TestNG.java:1224)
	at org.testng.TestNG.runSuitesLocally(TestNG.java:1149)
	at org.testng.TestNG.run(TestNG.java:1057)
	at org.testng.remote.RemoteTestNG.run(RemoteTestNG.java:111)
	at org.testng.remote.RemoteTestNG.initAndRun(RemoteTestNG.java:204)
	at org.testng.remote.RemoteTestNG.main(RemoteTestNG.java:175)
Caused by: org.openqa.selenium.remote.ErrorHandler$UnknownServerException: The given selector C:\Users\sapna\Downloads is either invalid or does not result in a WebElement. The following error occurred:
InvalidSelectorError: Unable to locate an element with the xpath expression C:\Users\sapna\Downloads because of the following error:
[Exception... "The expression is not a legal expression."  code: "12" nsresult: "0x805b0033 (SyntaxError)"  location: "<unknown>"]
Build info: version: '2.42.2', revision: '6a6995d31c7c56c340d6f45a76976d43506cd6cc', time: '2014-06-03 10:52:47'
System info: host: 'sapna-testlead', ip: '192.168.136.200', os.name: 'Windows 7', os.arch: 'amd64', os.version: '6.1', java.version: '1.7.0_65'
Driver info: driver.version: unknown
	at <anonymous class>.FirefoxDriver.annotateInvalidSelectorError_(file:///C:/Users/sapna/AppData/Local/Temp/anonymous4976464829519425412webdriver-profile/extensions/fxdriver@googlecode.com/components/driver_component.js:9444:5)
	at <anonymous class>.FirefoxDriver.prototype.findElementInternal_(file:///C:/Users/sapna/AppData/Local/Temp/anonymous4976464829519425412webdriver-profile/extensions/fxdriver@googlecode.com/components/driver_component.js:9475:5)
	at <anonymous class>.FirefoxDriver.prototype.findElement(file:///C:/Users/sapna/AppData/Local/Temp/anonymous4976464829519425412webdriver-profile/extensions/fxdriver@googlecode.com/components/driver_component.js:9479:3)
	at <anonymous class>.DelayedCommand.prototype.executeInternal_/h(file:///C:/Users/sapna/AppData/Local/Temp/anonymous4976464829519425412webdriver-profile/extensions/fxdriver@googlecode.com/components/command_processor.js:11455:16)
	at <anonymous class>.DelayedCommand.prototype.executeInternal_(file:///C:/Users/sapna/AppData/Local/Temp/anonymous4976464829519425412webdriver-profile/extensions/fxdriver@googlecode.com/components/command_processor.js:11460:7)
	at <anonymous class>.DelayedCommand.prototype.execute/<(file:///C:/Users/sapna/AppData/Local/Temp/anonymous4976464829519425412webdriver-profile/extensions/fxdriver@googlecode.com/components/command_processor.js:11402:5)
]]>
    </failure>
  </testcase> <!-- testVerifyDownloadCSVFileOnLocation -->
  <testcase name="testDownloadCSVButtonVisibilityonEquipmentRentalTab" time="23.909" classname="com.qa.tests.ui.tests.OrderTest"/>
  <testcase name="testImportCSVButtonVisibilityonLabTestTab" time="31.179" classname="com.qa.tests.ui.tests.OrderTest"/>
  <testcase name="testVerifyMedicineListTabVisibility" time="24.349" classname="com.qa.tests.ui.tests.OrderTest"/>
  <testcase name="testDownloadCSVButtonVisibilityonMedicineListTab" time="23.323" classname="com.qa.tests.ui.tests.OrderTest"/>
  <testcase name="testVerifyOrderTabVisibility" time="29.266" classname="com.qa.tests.ui.tests.OrderTest"/>
  <testcase name="testSearchButtonVisibility" time="22.582" classname="com.qa.tests.ui.tests.OrderTest"/>
  <testcase name="testImportCSVButtonVisibilityonEquipmentRentalTab" time="29.943" classname="com.qa.tests.ui.tests.OrderTest"/>
  <testcase name="testDownloadCSVButtonVisibilityonOrderTab" time="22.941" classname="com.qa.tests.ui.tests.OrderTest"/>
  <testcase name="testVerifyDownloadCSVonOrderTab" time="22.392" classname="com.qa.tests.ui.tests.OrderTest"/>
  <testcase name="testDateFilterVisibilityonOrderTab" time="23.401" classname="com.qa.tests.ui.tests.OrderTest"/>
  <testcase name="testVerifyEquipmentRentalTabVisibility" time="23.945" classname="com.qa.tests.ui.tests.OrderTest"/>
  <testcase name="testSearchBoxVisibility" time="22.329" classname="com.qa.tests.ui.tests.OrderTest"/>
  <testcase name="testVerifyLabTestTabVisibility" time="23.376" classname="com.qa.tests.ui.tests.OrderTest"/>
</testsuite> <!-- com.qa.tests.ui.tests.OrderTest -->
