<?xml version="1.0" encoding="UTF-8"?>
<!-- Generated by org.testng.reporters.JUnitReportReporter -->
<testsuite hostname="sapna-testlead" name="com.qa.tests.ui.tests.LoginTest" tests="15" failures="4" timestamp="30 Jan 2015 05:37:18 GMT" time="316.884" errors="0">
  <testcase name="testVerifyLogin" time="35.011" classname="com.qa.tests.ui.tests.LoginTest"/>
  <testcase name="testVerifyErrorMessageonLoginWithInvalidCredentials" time="14.420" classname="com.qa.tests.ui.tests.LoginTest"/>
  <testcase name="testVerifyCreateAccountLink" time="12.743" classname="com.qa.tests.ui.tests.LoginTest"/>
  <testcase name="testVerifyUsernameField" time="17.619" classname="com.qa.tests.ui.tests.LoginTest">
    <failure type="org.openqa.selenium.WebDriverException" message="Failed to connect to binary FirefoxBinary(C:\Program Files (x86)\Mozilla Firefox\firefox.exe) on port 7055; process output follows: 
6192590	DeferredSave.extensions.json	DEBUG	Save changes
1422596192600	addons.xpi	DEBUG	Updating database with changes to installed add-ons
1422596192601	addons.xpi-utils	DEBUG	Updating add-on states
1422596192601	addons.xpi-utils	DEBUG	Writing add-ons list
1422596192819	DeferredSave.extensions.json	DEBUG	Starting timer
************************************************************
* Call to xpconnect wrapped JSObject produced this error:  *
[Exception... &quot;Component returned failure code: 0x80004005 (NS_ERROR_FAILURE) [nsIIdleService.removeIdleObserver]&quot;  nsresult: &quot;0x80004005 (NS_ERROR_FAILURE)&quot;  location: &quot;JS frame :: resource://app/components/nsBrowserGlue.js :: BG__onPlacesShutdown :: line 1233&quot;  data: no]
************************************************************
1422596192843	DeferredSave.extensions.json	DEBUG	Starting write
************************************************************
* Call to xpconnect wrapped JSObject produced this error:  *
[Exception... &quot;Component returned failure code: 0x80004005 (NS_ERROR_FAILURE) [nsIIdleService.removeIdleObserver]&quot;  nsresult: &quot;0x80004005 (NS_ERROR_FAILURE)&quot;  location: &quot;JS frame :: resource://app/components/nsBrowserGlue.js :: BG__dispose :: line 422&quot;  data: no]
************************************************************
1422596192847	addons.manager	DEBUG	shutdown
1422596192847	addons.xpi	DEBUG	shutdown
1422596192847	addons.xpi-utils	DEBUG	shutdown
1422596192890	DeferredSave.extensions.json	DEBUG	Write succeeded
1422596192890	addons.xpi-utils	DEBUG	XPI Database saved, setting schema version preference to 16
1422596192890	addons.xpi	DEBUG	Notifying XPI shutdown observers
1422596192893	addons.manager	DEBUG	Async provider shutdown done
1422596193190	addons.manager	DEBUG	Loaded provider scope for resource://gre/modules/addons/XPIProvider.jsm: [&quot;XPIProvider&quot;]
1422596193192	addons.manager	DEBUG	Loaded provider scope for resource://gre/modules/LightweightThemeManager.jsm: [&quot;LightweightThemeManager&quot;]
1422596193193	addons.xpi	DEBUG	startup
1422596193193	addons.xpi	DEBUG	Skipping unavailable install location app-system-local
1422596193193	addons.xpi	DEBUG	Skipping unavailable install location app-system-share
1422596193194	addons.xpi	DEBUG	Ignoring file entry whose name is not a valid add-on ID: C:\Users\sapna\AppData\Local\Temp\anonymous5606055647754707654webdriver-profile\extensions\webdriver-staging
1422596193205	addons.xpi	DEBUG	checkForChanges
1422596193216	addons.xpi	DEBUG	No changes found
************************************************************
* Call to xpconnect wrapped JSObject produced this error:  *
[Exception... &quot;Component returned failure code: 0x80004005 (NS_ERROR_FAILURE) [nsIObserverService.removeObserver]&quot;  nsresult: &quot;0x80004005 (NS_ERROR_FAILURE)&quot;  location: &quot;JS frame :: resource://app/modules/WebappManager.jsm :: this.WebappManager.uninit :: line 42&quot;  data: no]
************************************************************
************************************************************
* Call to xpconnect wrapped JSObject produced this error:  *
[Exception... &quot;Component returned failure code: 0x80004005 (NS_ERROR_FAILURE) [nsIIdleService.removeIdleObserver]&quot;  nsresult: &quot;0x80004005 (NS_ERROR_FAILURE)&quot;  location: &quot;JS frame :: resource://app/components/nsBrowserGlue.js :: BG__onPlacesShutdown :: line 1233&quot;  data: no]
************************************************************
************************************************************
* Call to xpconnect wrapped JSObject produced this error:  *
[Exception... &quot;Component returned failure code: 0x80004005 (NS_ERROR_FAILURE) [nsIIdleService.removeIdleObserver]&quot;  nsresult: &quot;0x80004005 (NS_ERROR_FAILURE)&quot;  location: &quot;JS frame :: resource://app/components/nsBrowserGlue.js :: BG__dispose :: line 422&quot;  data: no]
************************************************************
1422596197186	addons.manager	DEBUG	shutdown
1422596197186	addons.xpi	DEBUG	shutdown
1422596197186	addons.xpi	DEBUG	Notifying XPI shutdown observers
1422596197190	addons.manager	DEBUG	Async provider shutdown done

Build info: version: &#039;2.42.2&#039;, revision: &#039;6a6995d31c7c56c340d6f45a76976d43506cd6cc&#039;, time: &#039;2014-06-03 10:52:47&#039;
System info: host: &#039;sapna-testlead&#039;, ip: &#039;192.168.136.208&#039;, os.name: &#039;Windows 7&#039;, os.arch: &#039;amd64&#039;, os.version: &#039;6.1&#039;, java.version: &#039;1.7.0_65&#039;
Driver info: driver.version: FirefoxDriver">
      <![CDATA[org.openqa.selenium.WebDriverException: Failed to connect to binary FirefoxBinary(C:\Program Files (x86)\Mozilla Firefox\firefox.exe) on port 7055; process output follows: 
6192590	DeferredSave.extensions.json	DEBUG	Save changes
1422596192600	addons.xpi	DEBUG	Updating database with changes to installed add-ons
1422596192601	addons.xpi-utils	DEBUG	Updating add-on states
1422596192601	addons.xpi-utils	DEBUG	Writing add-ons list
1422596192819	DeferredSave.extensions.json	DEBUG	Starting timer
************************************************************
* Call to xpconnect wrapped JSObject produced this error:  *
[Exception... "Component returned failure code: 0x80004005 (NS_ERROR_FAILURE) [nsIIdleService.removeIdleObserver]"  nsresult: "0x80004005 (NS_ERROR_FAILURE)"  location: "JS frame :: resource://app/components/nsBrowserGlue.js :: BG__onPlacesShutdown :: line 1233"  data: no]
************************************************************
1422596192843	DeferredSave.extensions.json	DEBUG	Starting write
************************************************************
* Call to xpconnect wrapped JSObject produced this error:  *
[Exception... "Component returned failure code: 0x80004005 (NS_ERROR_FAILURE) [nsIIdleService.removeIdleObserver]"  nsresult: "0x80004005 (NS_ERROR_FAILURE)"  location: "JS frame :: resource://app/components/nsBrowserGlue.js :: BG__dispose :: line 422"  data: no]
************************************************************
1422596192847	addons.manager	DEBUG	shutdown
1422596192847	addons.xpi	DEBUG	shutdown
1422596192847	addons.xpi-utils	DEBUG	shutdown
1422596192890	DeferredSave.extensions.json	DEBUG	Write succeeded
1422596192890	addons.xpi-utils	DEBUG	XPI Database saved, setting schema version preference to 16
1422596192890	addons.xpi	DEBUG	Notifying XPI shutdown observers
1422596192893	addons.manager	DEBUG	Async provider shutdown done
1422596193190	addons.manager	DEBUG	Loaded provider scope for resource://gre/modules/addons/XPIProvider.jsm: ["XPIProvider"]
1422596193192	addons.manager	DEBUG	Loaded provider scope for resource://gre/modules/LightweightThemeManager.jsm: ["LightweightThemeManager"]
1422596193193	addons.xpi	DEBUG	startup
1422596193193	addons.xpi	DEBUG	Skipping unavailable install location app-system-local
1422596193193	addons.xpi	DEBUG	Skipping unavailable install location app-system-share
1422596193194	addons.xpi	DEBUG	Ignoring file entry whose name is not a valid add-on ID: C:\Users\sapna\AppData\Local\Temp\anonymous5606055647754707654webdriver-profile\extensions\webdriver-staging
1422596193205	addons.xpi	DEBUG	checkForChanges
1422596193216	addons.xpi	DEBUG	No changes found
************************************************************
* Call to xpconnect wrapped JSObject produced this error:  *
[Exception... "Component returned failure code: 0x80004005 (NS_ERROR_FAILURE) [nsIObserverService.removeObserver]"  nsresult: "0x80004005 (NS_ERROR_FAILURE)"  location: "JS frame :: resource://app/modules/WebappManager.jsm :: this.WebappManager.uninit :: line 42"  data: no]
************************************************************
************************************************************
* Call to xpconnect wrapped JSObject produced this error:  *
[Exception... "Component returned failure code: 0x80004005 (NS_ERROR_FAILURE) [nsIIdleService.removeIdleObserver]"  nsresult: "0x80004005 (NS_ERROR_FAILURE)"  location: "JS frame :: resource://app/components/nsBrowserGlue.js :: BG__onPlacesShutdown :: line 1233"  data: no]
************************************************************
************************************************************
* Call to xpconnect wrapped JSObject produced this error:  *
[Exception... "Component returned failure code: 0x80004005 (NS_ERROR_FAILURE) [nsIIdleService.removeIdleObserver]"  nsresult: "0x80004005 (NS_ERROR_FAILURE)"  location: "JS frame :: resource://app/components/nsBrowserGlue.js :: BG__dispose :: line 422"  data: no]
************************************************************
1422596197186	addons.manager	DEBUG	shutdown
1422596197186	addons.xpi	DEBUG	shutdown
1422596197186	addons.xpi	DEBUG	Notifying XPI shutdown observers
1422596197190	addons.manager	DEBUG	Async provider shutdown done

Build info: version: '2.42.2', revision: '6a6995d31c7c56c340d6f45a76976d43506cd6cc', time: '2014-06-03 10:52:47'
System info: host: 'sapna-testlead', ip: '192.168.136.208', os.name: 'Windows 7', os.arch: 'amd64', os.version: '6.1', java.version: '1.7.0_65'
Driver info: driver.version: FirefoxDriver
	at org.openqa.selenium.firefox.internal.NewProfileExtensionConnection.start(NewProfileExtensionConnection.java:130)
	at org.openqa.selenium.firefox.FirefoxDriver.startClient(FirefoxDriver.java:246)
	at org.openqa.selenium.remote.RemoteWebDriver.<init>(RemoteWebDriver.java:114)
	at org.openqa.selenium.firefox.FirefoxDriver.<init>(FirefoxDriver.java:191)
	at org.openqa.selenium.firefox.FirefoxDriver.<init>(FirefoxDriver.java:186)
	at org.openqa.selenium.firefox.FirefoxDriver.<init>(FirefoxDriver.java:182)
	at com.qa.tests.ui.common.TestBase.setUp(TestBase.java:36)
	at com.qa.tests.ui.tests.LoginTest.setUp(LoginTest.java:63)
	at sun.reflect.NativeMethodAccessorImpl.invoke0(Native Method)
	at sun.reflect.NativeMethodAccessorImpl.invoke(NativeMethodAccessorImpl.java:57)
	at sun.reflect.DelegatingMethodAccessorImpl.invoke(DelegatingMethodAccessorImpl.java:43)
	at java.lang.reflect.Method.invoke(Method.java:606)
	at org.testng.internal.MethodInvocationHelper.invokeMethod(MethodInvocationHelper.java:84)
	at org.testng.internal.Invoker.invokeConfigurationMethod(Invoker.java:564)
	at org.testng.internal.Invoker.invokeConfigurations(Invoker.java:213)
	at org.testng.internal.Invoker.invokeMethod(Invoker.java:653)
	at org.testng.internal.Invoker.invokeTestMethod(Invoker.java:901)
	at org.testng.internal.Invoker.invokeTestMethods(Invoker.java:1231)
	at org.testng.internal.TestMethodWorker.invokeTestMethods(TestMethodWorker.java:127)
	at org.testng.internal.TestMethodWorker.run(TestMethodWorker.java:111)
	at org.testng.TestRunner.privateRun(TestRunner.java:767)
	at org.testng.TestRunner.run(TestRunner.java:617)
	at org.testng.SuiteRunner.runTest(SuiteRunner.java:334)
	at org.testng.SuiteRunner.runSequentially(SuiteRunner.java:329)
	at org.testng.SuiteRunner.privateRun(SuiteRunner.java:291)
	at org.testng.SuiteRunner.run(SuiteRunner.java:240)
	at org.testng.SuiteRunnerWorker.runSuite(SuiteRunnerWorker.java:52)
	at org.testng.SuiteRunnerWorker.run(SuiteRunnerWorker.java:86)
	at org.testng.TestNG.runSuitesSequentially(TestNG.java:1224)
	at org.testng.TestNG.runSuitesLocally(TestNG.java:1149)
	at org.testng.TestNG.run(TestNG.java:1057)
	at org.testng.remote.RemoteTestNG.run(RemoteTestNG.java:111)
	at org.testng.remote.RemoteTestNG.initAndRun(RemoteTestNG.java:204)
	at org.testng.remote.RemoteTestNG.main(RemoteTestNG.java:175)
Caused by: org.openqa.selenium.firefox.NotConnectedException: Unable to connect to host 127.0.0.1 on port 7055 after 45000 ms. Firefox console output:
6192590	DeferredSave.extensions.json	DEBUG	Save changes
1422596192600	addons.xpi	DEBUG	Updating database with changes to installed add-ons
1422596192601	addons.xpi-utils	DEBUG	Updating add-on states
1422596192601	addons.xpi-utils	DEBUG	Writing add-ons list
1422596192819	DeferredSave.extensions.json	DEBUG	Starting timer
************************************************************
* Call to xpconnect wrapped JSObject produced this error:  *
[Exception... "Component returned failure code: 0x80004005 (NS_ERROR_FAILURE) [nsIIdleService.removeIdleObserver]"  nsresult: "0x80004005 (NS_ERROR_FAILURE)"  location: "JS frame :: resource://app/components/nsBrowserGlue.js :: BG__onPlacesShutdown :: line 1233"  data: no]
************************************************************
1422596192843	DeferredSave.extensions.json	DEBUG	Starting write
************************************************************
* Call to xpconnect wrapped JSObject produced this error:  *
[Exception... "Component returned failure code: 0x80004005 (NS_ERROR_FAILURE) [nsIIdleService.removeIdleObserver]"  nsresult: "0x80004005 (NS_ERROR_FAILURE)"  location: "JS frame :: resource://app/components/nsBrowserGlue.js :: BG__dispose :: line 422"  data: no]
************************************************************
1422596192847	addons.manager	DEBUG	shutdown
1422596192847	addons.xpi	DEBUG	shutdown
1422596192847	addons.xpi-utils	DEBUG	shutdown
1422596192890	DeferredSave.extensions.json	DEBUG	Write succeeded
1422596192890	addons.xpi-utils	DEBUG	XPI Database saved, setting schema version preference to 16
1422596192890	addons.xpi	DEBUG	Notifying XPI shutdown observers
1422596192893	addons.manager	DEBUG	Async provider shutdown done
1422596193190	addons.manager	DEBUG	Loaded provider scope for resource://gre/modules/addons/XPIProvider.jsm: ["XPIProvider"]
1422596193192	addons.manager	DEBUG	Loaded provider scope for resource://gre/modules/LightweightThemeManager.jsm: ["LightweightThemeManager"]
1422596193193	addons.xpi	DEBUG	startup
1422596193193	addons.xpi	DEBUG	Skipping unavailable install location app-system-local
1422596193193	addons.xpi	DEBUG	Skipping unavailable install location app-system-share
1422596193194	addons.xpi	DEBUG	Ignoring file entry whose name is not a valid add-on ID: C:\Users\sapna\AppData\Local\Temp\anonymous5606055647754707654webdriver-profile\extensions\webdriver-staging
1422596193205	addons.xpi	DEBUG	checkForChanges
1422596193216	addons.xpi	DEBUG	No changes found
************************************************************
* Call to xpconnect wrapped JSObject produced this error:  *
[Exception... "Component returned failure code: 0x80004005 (NS_ERROR_FAILURE) [nsIObserverService.removeObserver]"  nsresult: "0x80004005 (NS_ERROR_FAILURE)"  location: "JS frame :: resource://app/modules/WebappManager.jsm :: this.WebappManager.uninit :: line 42"  data: no]
************************************************************
************************************************************
* Call to xpconnect wrapped JSObject produced this error:  *
[Exception... "Component returned failure code: 0x80004005 (NS_ERROR_FAILURE) [nsIIdleService.removeIdleObserver]"  nsresult: "0x80004005 (NS_ERROR_FAILURE)"  location: "JS frame :: resource://app/components/nsBrowserGlue.js :: BG__onPlacesShutdown :: line 1233"  data: no]
************************************************************
************************************************************
* Call to xpconnect wrapped JSObject produced this error:  *
[Exception... "Component returned failure code: 0x80004005 (NS_ERROR_FAILURE) [nsIIdleService.removeIdleObserver]"  nsresult: "0x80004005 (NS_ERROR_FAILURE)"  location: "JS frame :: resource://app/components/nsBrowserGlue.js :: BG__dispose :: line 422"  data: no]
************************************************************
1422596197186	addons.manager	DEBUG	shutdown
1422596197186	addons.xpi	DEBUG	shutdown
1422596197186	addons.xpi	DEBUG	Notifying XPI shutdown observers
1422596197190	addons.manager	DEBUG	Async provider shutdown done

	at org.openqa.selenium.firefox.internal.NewProfileExtensionConnection.start(NewProfileExtensionConnection.java:118)
	... 33 more
]]>
    </failure>
  </testcase> <!-- testVerifyUsernameField -->
  <testcase name="testVerifyDuplicateCreateAccount" time="48.257" classname="com.qa.tests.ui.tests.LoginTest">
    <failure type="org.openqa.selenium.NoSuchElementException" message="Unable to locate element: {&quot;method&quot;:&quot;xpath&quot;,&quot;selector&quot;:&quot;//a[contains(@href,&#039;http://stageops.portea.com/authenticate/register&#039;)]&quot;}
Command duration or timeout: 30.10 seconds
For documentation on this error, please visit: http://seleniumhq.org/exceptions/no_such_element.html
Build info: version: &#039;2.42.2&#039;, revision: &#039;6a6995d31c7c56c340d6f45a76976d43506cd6cc&#039;, time: &#039;2014-06-03 10:52:47&#039;
System info: host: &#039;sapna-testlead&#039;, ip: &#039;192.168.136.208&#039;, os.name: &#039;Windows 7&#039;, os.arch: &#039;amd64&#039;, os.version: &#039;6.1&#039;, java.version: &#039;1.7.0_65&#039;
Session ID: d67b9014-a7f1-49cb-bfcd-2d1097f23407
Driver info: org.openqa.selenium.firefox.FirefoxDriver
Capabilities [{platform=XP, databaseEnabled=true, cssSelectorsEnabled=true, javascriptEnabled=true, acceptSslCerts=true, handlesAlerts=true, browserName=firefox, webStorageEnabled=true, nativeEvents=false, rotatable=false, locationContextEnabled=true, applicationCacheEnabled=true, takesScreenshot=true, version=31.0}]">
      <![CDATA[org.openqa.selenium.NoSuchElementException: Unable to locate element: {"method":"xpath","selector":"//a[contains(@href,'http://stageops.portea.com/authenticate/register')]"}
Command duration or timeout: 30.10 seconds
For documentation on this error, please visit: http://seleniumhq.org/exceptions/no_such_element.html
Build info: version: '2.42.2', revision: '6a6995d31c7c56c340d6f45a76976d43506cd6cc', time: '2014-06-03 10:52:47'
System info: host: 'sapna-testlead', ip: '192.168.136.208', os.name: 'Windows 7', os.arch: 'amd64', os.version: '6.1', java.version: '1.7.0_65'
Session ID: d67b9014-a7f1-49cb-bfcd-2d1097f23407
Driver info: org.openqa.selenium.firefox.FirefoxDriver
Capabilities [{platform=XP, databaseEnabled=true, cssSelectorsEnabled=true, javascriptEnabled=true, acceptSslCerts=true, handlesAlerts=true, browserName=firefox, webStorageEnabled=true, nativeEvents=false, rotatable=false, locationContextEnabled=true, applicationCacheEnabled=true, takesScreenshot=true, version=31.0}]
	at sun.reflect.NativeConstructorAccessorImpl.newInstance0(Native Method)
	at sun.reflect.NativeConstructorAccessorImpl.newInstance(NativeConstructorAccessorImpl.java:57)
	at sun.reflect.DelegatingConstructorAccessorImpl.newInstance(DelegatingConstructorAccessorImpl.java:45)
	at java.lang.reflect.Constructor.newInstance(Constructor.java:526)
	at org.openqa.selenium.remote.ErrorHandler.createThrowable(ErrorHandler.java:204)
	at org.openqa.selenium.remote.ErrorHandler.throwIfResponseFailed(ErrorHandler.java:156)
	at org.openqa.selenium.remote.RemoteWebDriver.execute(RemoteWebDriver.java:599)
	at org.openqa.selenium.remote.RemoteWebDriver.findElement(RemoteWebDriver.java:352)
	at org.openqa.selenium.remote.RemoteWebDriver.findElementByXPath(RemoteWebDriver.java:449)
	at org.openqa.selenium.By$ByXPath.findElement(By.java:357)
	at org.openqa.selenium.remote.RemoteWebDriver.findElement(RemoteWebDriver.java:344)
	at com.qa.tests.ui.pages.LoginPage.createAccount(LoginPage.java:201)
	at com.qa.tests.ui.tests.LoginTest.testVerifyDuplicateCreateAccount(LoginTest.java:227)
	at sun.reflect.NativeMethodAccessorImpl.invoke0(Native Method)
	at sun.reflect.NativeMethodAccessorImpl.invoke(NativeMethodAccessorImpl.java:57)
	at sun.reflect.DelegatingMethodAccessorImpl.invoke(DelegatingMethodAccessorImpl.java:43)
	at java.lang.reflect.Method.invoke(Method.java:606)
	at org.testng.internal.MethodInvocationHelper.invokeMethod(MethodInvocationHelper.java:84)
	at org.testng.internal.Invoker.invokeMethod(Invoker.java:714)
	at org.testng.internal.Invoker.invokeTestMethod(Invoker.java:901)
	at org.testng.internal.Invoker.invokeTestMethods(Invoker.java:1231)
	at org.testng.internal.TestMethodWorker.invokeTestMethods(TestMethodWorker.java:127)
	at org.testng.internal.TestMethodWorker.run(TestMethodWorker.java:111)
	at org.testng.TestRunner.privateRun(TestRunner.java:767)
	at org.testng.TestRunner.run(TestRunner.java:617)
	at org.testng.SuiteRunner.runTest(SuiteRunner.java:334)
	at org.testng.SuiteRunner.runSequentially(SuiteRunner.java:329)
	at org.testng.SuiteRunner.privateRun(SuiteRunner.java:291)
	at org.testng.SuiteRunner.run(SuiteRunner.java:240)
	at org.testng.SuiteRunnerWorker.runSuite(SuiteRunnerWorker.java:52)
	at org.testng.SuiteRunnerWorker.run(SuiteRunnerWorker.java:86)
	at org.testng.TestNG.runSuitesSequentially(TestNG.java:1224)
	at org.testng.TestNG.runSuitesLocally(TestNG.java:1149)
	at org.testng.TestNG.run(TestNG.java:1057)
	at org.testng.remote.RemoteTestNG.run(RemoteTestNG.java:111)
	at org.testng.remote.RemoteTestNG.initAndRun(RemoteTestNG.java:204)
	at org.testng.remote.RemoteTestNG.main(RemoteTestNG.java:175)
Caused by: org.openqa.selenium.remote.ErrorHandler$UnknownServerException: Unable to locate element: {"method":"xpath","selector":"//a[contains(@href,'http://stageops.portea.com/authenticate/register')]"}
Build info: version: '2.42.2', revision: '6a6995d31c7c56c340d6f45a76976d43506cd6cc', time: '2014-06-03 10:52:47'
System info: host: 'sapna-testlead', ip: '192.168.136.208', os.name: 'Windows 7', os.arch: 'amd64', os.version: '6.1', java.version: '1.7.0_65'
Driver info: driver.version: unknown
	at <anonymous class>.FirefoxDriver.prototype.findElementInternal_(file:///C:/Users/sapna/AppData/Local/Temp/anonymous1643949851235339123webdriver-profile/extensions/fxdriver@googlecode.com/components/driver_component.js:9470:133)
	at <anonymous class>.fxdriver.Timer.prototype.setTimeout/<.notify(file:///C:/Users/sapna/AppData/Local/Temp/anonymous1643949851235339123webdriver-profile/extensions/fxdriver@googlecode.com/components/driver_component.js:407:5)
]]>
    </failure>
  </testcase> <!-- testVerifyDuplicateCreateAccount -->
  <testcase name="testVerifyErrorMessageonLoginWithoutUsername" time="13.938" classname="com.qa.tests.ui.tests.LoginTest"/>
  <testcase name="testVerifyCreateAccountFunctionality" time="47.449" classname="com.qa.tests.ui.tests.LoginTest">
    <failure type="org.openqa.selenium.NoSuchElementException" message="Unable to locate element: {&quot;method&quot;:&quot;xpath&quot;,&quot;selector&quot;:&quot;//a[contains(@href,&#039;http://stageops.portea.com/authenticate/register&#039;)]&quot;}
Command duration or timeout: 30.09 seconds
For documentation on this error, please visit: http://seleniumhq.org/exceptions/no_such_element.html
Build info: version: &#039;2.42.2&#039;, revision: &#039;6a6995d31c7c56c340d6f45a76976d43506cd6cc&#039;, time: &#039;2014-06-03 10:52:47&#039;
System info: host: &#039;sapna-testlead&#039;, ip: &#039;192.168.136.208&#039;, os.name: &#039;Windows 7&#039;, os.arch: &#039;amd64&#039;, os.version: &#039;6.1&#039;, java.version: &#039;1.7.0_65&#039;
Session ID: 140f4fc7-3420-4a5c-b59b-dcfd8ff19350
Driver info: org.openqa.selenium.firefox.FirefoxDriver
Capabilities [{platform=XP, databaseEnabled=true, cssSelectorsEnabled=true, javascriptEnabled=true, acceptSslCerts=true, handlesAlerts=true, browserName=firefox, webStorageEnabled=true, nativeEvents=false, rotatable=false, locationContextEnabled=true, applicationCacheEnabled=true, takesScreenshot=true, version=31.0}]">
      <![CDATA[org.openqa.selenium.NoSuchElementException: Unable to locate element: {"method":"xpath","selector":"//a[contains(@href,'http://stageops.portea.com/authenticate/register')]"}
Command duration or timeout: 30.09 seconds
For documentation on this error, please visit: http://seleniumhq.org/exceptions/no_such_element.html
Build info: version: '2.42.2', revision: '6a6995d31c7c56c340d6f45a76976d43506cd6cc', time: '2014-06-03 10:52:47'
System info: host: 'sapna-testlead', ip: '192.168.136.208', os.name: 'Windows 7', os.arch: 'amd64', os.version: '6.1', java.version: '1.7.0_65'
Session ID: 140f4fc7-3420-4a5c-b59b-dcfd8ff19350
Driver info: org.openqa.selenium.firefox.FirefoxDriver
Capabilities [{platform=XP, databaseEnabled=true, cssSelectorsEnabled=true, javascriptEnabled=true, acceptSslCerts=true, handlesAlerts=true, browserName=firefox, webStorageEnabled=true, nativeEvents=false, rotatable=false, locationContextEnabled=true, applicationCacheEnabled=true, takesScreenshot=true, version=31.0}]
	at sun.reflect.NativeConstructorAccessorImpl.newInstance0(Native Method)
	at sun.reflect.NativeConstructorAccessorImpl.newInstance(NativeConstructorAccessorImpl.java:57)
	at sun.reflect.DelegatingConstructorAccessorImpl.newInstance(DelegatingConstructorAccessorImpl.java:45)
	at java.lang.reflect.Constructor.newInstance(Constructor.java:526)
	at org.openqa.selenium.remote.ErrorHandler.createThrowable(ErrorHandler.java:204)
	at org.openqa.selenium.remote.ErrorHandler.throwIfResponseFailed(ErrorHandler.java:156)
	at org.openqa.selenium.remote.RemoteWebDriver.execute(RemoteWebDriver.java:599)
	at org.openqa.selenium.remote.RemoteWebDriver.findElement(RemoteWebDriver.java:352)
	at org.openqa.selenium.remote.RemoteWebDriver.findElementByXPath(RemoteWebDriver.java:449)
	at org.openqa.selenium.By$ByXPath.findElement(By.java:357)
	at org.openqa.selenium.remote.RemoteWebDriver.findElement(RemoteWebDriver.java:344)
	at com.qa.tests.ui.pages.LoginPage.createAccount(LoginPage.java:201)
	at com.qa.tests.ui.tests.LoginTest.testVerifyCreateAccountFunctionality(LoginTest.java:215)
	at sun.reflect.NativeMethodAccessorImpl.invoke0(Native Method)
	at sun.reflect.NativeMethodAccessorImpl.invoke(NativeMethodAccessorImpl.java:57)
	at sun.reflect.DelegatingMethodAccessorImpl.invoke(DelegatingMethodAccessorImpl.java:43)
	at java.lang.reflect.Method.invoke(Method.java:606)
	at org.testng.internal.MethodInvocationHelper.invokeMethod(MethodInvocationHelper.java:84)
	at org.testng.internal.Invoker.invokeMethod(Invoker.java:714)
	at org.testng.internal.Invoker.invokeTestMethod(Invoker.java:901)
	at org.testng.internal.Invoker.invokeTestMethods(Invoker.java:1231)
	at org.testng.internal.TestMethodWorker.invokeTestMethods(TestMethodWorker.java:127)
	at org.testng.internal.TestMethodWorker.run(TestMethodWorker.java:111)
	at org.testng.TestRunner.privateRun(TestRunner.java:767)
	at org.testng.TestRunner.run(TestRunner.java:617)
	at org.testng.SuiteRunner.runTest(SuiteRunner.java:334)
	at org.testng.SuiteRunner.runSequentially(SuiteRunner.java:329)
	at org.testng.SuiteRunner.privateRun(SuiteRunner.java:291)
	at org.testng.SuiteRunner.run(SuiteRunner.java:240)
	at org.testng.SuiteRunnerWorker.runSuite(SuiteRunnerWorker.java:52)
	at org.testng.SuiteRunnerWorker.run(SuiteRunnerWorker.java:86)
	at org.testng.TestNG.runSuitesSequentially(TestNG.java:1224)
	at org.testng.TestNG.runSuitesLocally(TestNG.java:1149)
	at org.testng.TestNG.run(TestNG.java:1057)
	at org.testng.remote.RemoteTestNG.run(RemoteTestNG.java:111)
	at org.testng.remote.RemoteTestNG.initAndRun(RemoteTestNG.java:204)
	at org.testng.remote.RemoteTestNG.main(RemoteTestNG.java:175)
Caused by: org.openqa.selenium.remote.ErrorHandler$UnknownServerException: Unable to locate element: {"method":"xpath","selector":"//a[contains(@href,'http://stageops.portea.com/authenticate/register')]"}
Build info: version: '2.42.2', revision: '6a6995d31c7c56c340d6f45a76976d43506cd6cc', time: '2014-06-03 10:52:47'
System info: host: 'sapna-testlead', ip: '192.168.136.208', os.name: 'Windows 7', os.arch: 'amd64', os.version: '6.1', java.version: '1.7.0_65'
Driver info: driver.version: unknown
	at <anonymous class>.FirefoxDriver.prototype.findElementInternal_(file:///C:/Users/sapna/AppData/Local/Temp/anonymous4375728997899132740webdriver-profile/extensions/fxdriver@googlecode.com/components/driver_component.js:9470:133)
	at <anonymous class>.fxdriver.Timer.prototype.setTimeout/<.notify(file:///C:/Users/sapna/AppData/Local/Temp/anonymous4375728997899132740webdriver-profile/extensions/fxdriver@googlecode.com/components/driver_component.js:407:5)
]]>
    </failure>
  </testcase> <!-- testVerifyCreateAccountFunctionality -->
  <testcase name="testVerifyPasswordField" time="8.741" classname="com.qa.tests.ui.tests.LoginTest"/>
  <testcase name="testVerifyRememberMeLabel" time="8.298" classname="com.qa.tests.ui.tests.LoginTest"/>
  <testcase name="testVerifyForgotPasswordLink" time="7.463" classname="com.qa.tests.ui.tests.LoginTest"/>
  <testcase name="testVerifyForgotPasswordFunctionality" time="28.250" classname="com.qa.tests.ui.tests.LoginTest"/>
  <testcase name="testVerifyErrorMessageonLoginOnLeavingfieldsBlank" time="12.819" classname="com.qa.tests.ui.tests.LoginTest"/>
  <testcase name="testVerifyRememberMeCheckbox" time="12.043" classname="com.qa.tests.ui.tests.LoginTest"/>
  <testcase name="testVerifyRegisteredUserLoginBeforeAdminActivation" time="49.832" classname="com.qa.tests.ui.tests.LoginTest">
    <failure type="org.openqa.selenium.NoSuchElementException" message="Unable to locate element: {&quot;method&quot;:&quot;xpath&quot;,&quot;selector&quot;:&quot;//a[contains(@href,&#039;http://stageops.portea.com/authenticate/register&#039;)]&quot;}
Command duration or timeout: 30.12 seconds
For documentation on this error, please visit: http://seleniumhq.org/exceptions/no_such_element.html
Build info: version: &#039;2.42.2&#039;, revision: &#039;6a6995d31c7c56c340d6f45a76976d43506cd6cc&#039;, time: &#039;2014-06-03 10:52:47&#039;
System info: host: &#039;sapna-testlead&#039;, ip: &#039;192.168.136.208&#039;, os.name: &#039;Windows 7&#039;, os.arch: &#039;amd64&#039;, os.version: &#039;6.1&#039;, java.version: &#039;1.7.0_65&#039;
Session ID: 9995ae6e-2ac7-4716-bfce-a9e7df767a04
Driver info: org.openqa.selenium.firefox.FirefoxDriver
Capabilities [{platform=XP, databaseEnabled=true, cssSelectorsEnabled=true, javascriptEnabled=true, acceptSslCerts=true, handlesAlerts=true, browserName=firefox, webStorageEnabled=true, nativeEvents=false, rotatable=false, locationContextEnabled=true, applicationCacheEnabled=true, takesScreenshot=true, version=31.0}]">
      <![CDATA[org.openqa.selenium.NoSuchElementException: Unable to locate element: {"method":"xpath","selector":"//a[contains(@href,'http://stageops.portea.com/authenticate/register')]"}
Command duration or timeout: 30.12 seconds
For documentation on this error, please visit: http://seleniumhq.org/exceptions/no_such_element.html
Build info: version: '2.42.2', revision: '6a6995d31c7c56c340d6f45a76976d43506cd6cc', time: '2014-06-03 10:52:47'
System info: host: 'sapna-testlead', ip: '192.168.136.208', os.name: 'Windows 7', os.arch: 'amd64', os.version: '6.1', java.version: '1.7.0_65'
Session ID: 9995ae6e-2ac7-4716-bfce-a9e7df767a04
Driver info: org.openqa.selenium.firefox.FirefoxDriver
Capabilities [{platform=XP, databaseEnabled=true, cssSelectorsEnabled=true, javascriptEnabled=true, acceptSslCerts=true, handlesAlerts=true, browserName=firefox, webStorageEnabled=true, nativeEvents=false, rotatable=false, locationContextEnabled=true, applicationCacheEnabled=true, takesScreenshot=true, version=31.0}]
	at sun.reflect.NativeConstructorAccessorImpl.newInstance0(Native Method)
	at sun.reflect.NativeConstructorAccessorImpl.newInstance(NativeConstructorAccessorImpl.java:57)
	at sun.reflect.DelegatingConstructorAccessorImpl.newInstance(DelegatingConstructorAccessorImpl.java:45)
	at java.lang.reflect.Constructor.newInstance(Constructor.java:526)
	at org.openqa.selenium.remote.ErrorHandler.createThrowable(ErrorHandler.java:204)
	at org.openqa.selenium.remote.ErrorHandler.throwIfResponseFailed(ErrorHandler.java:156)
	at org.openqa.selenium.remote.RemoteWebDriver.execute(RemoteWebDriver.java:599)
	at org.openqa.selenium.remote.RemoteWebDriver.findElement(RemoteWebDriver.java:352)
	at org.openqa.selenium.remote.RemoteWebDriver.findElementByXPath(RemoteWebDriver.java:449)
	at org.openqa.selenium.By$ByXPath.findElement(By.java:357)
	at org.openqa.selenium.remote.RemoteWebDriver.findElement(RemoteWebDriver.java:344)
	at com.qa.tests.ui.pages.LoginPage.createAccount(LoginPage.java:201)
	at com.qa.tests.ui.tests.LoginTest.testVerifyRegisteredUserLoginBeforeAdminActivation(LoginTest.java:239)
	at sun.reflect.NativeMethodAccessorImpl.invoke0(Native Method)
	at sun.reflect.NativeMethodAccessorImpl.invoke(NativeMethodAccessorImpl.java:57)
	at sun.reflect.DelegatingMethodAccessorImpl.invoke(DelegatingMethodAccessorImpl.java:43)
	at java.lang.reflect.Method.invoke(Method.java:606)
	at org.testng.internal.MethodInvocationHelper.invokeMethod(MethodInvocationHelper.java:84)
	at org.testng.internal.Invoker.invokeMethod(Invoker.java:714)
	at org.testng.internal.Invoker.invokeTestMethod(Invoker.java:901)
	at org.testng.internal.Invoker.invokeTestMethods(Invoker.java:1231)
	at org.testng.internal.TestMethodWorker.invokeTestMethods(TestMethodWorker.java:127)
	at org.testng.internal.TestMethodWorker.run(TestMethodWorker.java:111)
	at org.testng.TestRunner.privateRun(TestRunner.java:767)
	at org.testng.TestRunner.run(TestRunner.java:617)
	at org.testng.SuiteRunner.runTest(SuiteRunner.java:334)
	at org.testng.SuiteRunner.runSequentially(SuiteRunner.java:329)
	at org.testng.SuiteRunner.privateRun(SuiteRunner.java:291)
	at org.testng.SuiteRunner.run(SuiteRunner.java:240)
	at org.testng.SuiteRunnerWorker.runSuite(SuiteRunnerWorker.java:52)
	at org.testng.SuiteRunnerWorker.run(SuiteRunnerWorker.java:86)
	at org.testng.TestNG.runSuitesSequentially(TestNG.java:1224)
	at org.testng.TestNG.runSuitesLocally(TestNG.java:1149)
	at org.testng.TestNG.run(TestNG.java:1057)
	at org.testng.remote.RemoteTestNG.run(RemoteTestNG.java:111)
	at org.testng.remote.RemoteTestNG.initAndRun(RemoteTestNG.java:204)
	at org.testng.remote.RemoteTestNG.main(RemoteTestNG.java:175)
Caused by: org.openqa.selenium.remote.ErrorHandler$UnknownServerException: Unable to locate element: {"method":"xpath","selector":"//a[contains(@href,'http://stageops.portea.com/authenticate/register')]"}
Build info: version: '2.42.2', revision: '6a6995d31c7c56c340d6f45a76976d43506cd6cc', time: '2014-06-03 10:52:47'
System info: host: 'sapna-testlead', ip: '192.168.136.208', os.name: 'Windows 7', os.arch: 'amd64', os.version: '6.1', java.version: '1.7.0_65'
Driver info: driver.version: unknown
	at <anonymous class>.FirefoxDriver.prototype.findElementInternal_(file:///C:/Users/sapna/AppData/Local/Temp/anonymous7248757110345076051webdriver-profile/extensions/fxdriver@googlecode.com/components/driver_component.js:9470:133)
	at <anonymous class>.fxdriver.Timer.prototype.setTimeout/<.notify(file:///C:/Users/sapna/AppData/Local/Temp/anonymous7248757110345076051webdriver-profile/extensions/fxdriver@googlecode.com/components/driver_component.js:407:5)
]]>
    </failure>
  </testcase> <!-- testVerifyRegisteredUserLoginBeforeAdminActivation -->
  <testcase name="testVerifyLoginButton" time="0.001" classname="com.qa.tests.ui.tests.LoginTest"/>
</testsuite> <!-- com.qa.tests.ui.tests.LoginTest -->
